[ 2017-04-12T14:05:45+08:00 ] 127.0.0.1 /Admin/article/index
INFO: [ app_init ] --START--
INFO: Run Behavior\BuildLiteBehavior [ RunTime:0.000000s ]
INFO: [ app_init ] --END-- [ RunTime:0.000000s ]
INFO: [ app_begin ] --START--
INFO: Run Behavior\ReadHtmlCacheBehavior [ RunTime:0.001000s ]
INFO: [ app_begin ] --END-- [ RunTime:0.001000s ]
NOTIC: [2048] Declaration of Admin\Model\MenuModel::add() should be compatible with Think\Model::add($data = '', $options = Array, $replace = false) C:\www\thinkphp1\App\Admin\Model\MenuModel.class.php 第 5 行.
SQL: SHOW COLUMNS FROM `think_menu` [ RunTime:0.0040s ]
SQL: SELECT * FROM `think_menu` WHERE `status` = 1 AND `type` = 2 ORDER BY `status`,`order` desc  [ RunTime:0.0010s ]
SQL: SHOW COLUMNS FROM `think_recommend` [ RunTime:0.0020s ]
SQL: SELECT * FROM `think_recommend` ORDER BY `id`  [ RunTime:0.0010s ]
SQL: SHOW COLUMNS FROM `think_article` [ RunTime:0.0030s ]
NOTIC: [2] Invalid argument supplied for foreach() C:\www\thinkphp1\ThinkPHP\Library\Think\Db\Driver.class.php 第 504 行.
SQL: SELECT * FROM `think_article`  [ RunTime:0.0000s ]
SQL: SELECT * FROM `think_article` LIMIT 0,25   [ RunTime:0.0000s ]
SQL: SHOW COLUMNS FROM `think_type` [ RunTime:0.0030s ]
SQL: SELECT * FROM `think_type`  [ RunTime:0.0000s ]
INFO: [ view_parse ] --START--
INFO: [ template_filter ] --START--
INFO: Run Behavior\ContentReplaceBehavior [ RunTime:0.000000s ]
INFO: [ template_filter ] --END-- [ RunTime:0.000000s ]
INFO: Run Behavior\ParseTemplateBehavior [ RunTime:0.013001s ]
INFO: [ view_parse ] --END-- [ RunTime:0.013001s ]
INFO: [ view_filter ] --START--
INFO: Run Behavior\WriteHtmlCacheBehavior [ RunTime:0.000000s ]
INFO: [ view_filter ] --END-- [ RunTime:0.000000s ]
INFO: [ app_end ] --START--
INFO: Run Behavior\ShowPageTraceBehavior [ RunTime:0.001000s ]
INFO: [ app_end ] --END-- [ RunTime:0.001000s ]

[ 2017-04-12T14:14:26+08:00 ] 127.0.0.1 /admin.php
INFO: [ app_init ] --START--
INFO: Run Behavior\BuildLiteBehavior [ RunTime:0.000000s ]
INFO: [ app_init ] --END-- [ RunTime:0.000000s ]
INFO: [ app_begin ] --START--
INFO: Run Behavior\ReadHtmlCacheBehavior [ RunTime:0.000000s ]
INFO: [ app_begin ] --END-- [ RunTime:0.000000s ]
NOTIC: [2048] Declaration of Admin\Model\MenuModel::add() should be compatible with Think\Model::add($data = '', $options = Array, $replace = false) C:\www\thinkphp1\App\Admin\Model\MenuModel.class.php 第 5 行.
SQL: SHOW COLUMNS FROM `think_menu` [ RunTime:0.0100s ]
SQL: SELECT * FROM `think_menu` WHERE `status` = 1 AND `type` = 2 ORDER BY `status`,`order` desc  [ RunTime:0.0000s ]
INFO: [ view_parse ] --START--
INFO: [ template_filter ] --START--
INFO: Run Behavior\ContentReplaceBehavior [ RunTime:0.000000s ]
INFO: [ template_filter ] --END-- [ RunTime:0.000000s ]
INFO: Run Behavior\ParseTemplateBehavior [ RunTime:0.010000s ]
INFO: [ view_parse ] --END-- [ RunTime:0.010000s ]
INFO: [ view_filter ] --START--
INFO: Run Behavior\WriteHtmlCacheBehavior [ RunTime:0.000000s ]
INFO: [ view_filter ] --END-- [ RunTime:0.000000s ]
INFO: [ app_end ] --START--
INFO: Run Behavior\ShowPageTraceBehavior [ RunTime:0.000000s ]
INFO: [ app_end ] --END-- [ RunTime:0.000000s ]

[ 2017-04-12T14:14:27+08:00 ] 127.0.0.1 /admin.php
INFO: [ app_init ] --START--
INFO: Run Behavior\BuildLiteBehavior [ RunTime:0.000000s ]
INFO: [ app_init ] --END-- [ RunTime:0.001000s ]
INFO: [ app_begin ] --START--
INFO: Run Behavior\ReadHtmlCacheBehavior [ RunTime:0.000000s ]
INFO: [ app_begin ] --END-- [ RunTime:0.000000s ]
NOTIC: [2048] Declaration of Admin\Model\MenuModel::add() should be compatible with Think\Model::add($data = '', $options = Array, $replace = false) C:\www\thinkphp1\App\Admin\Model\MenuModel.class.php 第 5 行.
SQL: SHOW COLUMNS FROM `think_menu` [ RunTime:0.0100s ]
SQL: SELECT * FROM `think_menu` WHERE `status` = 1 AND `type` = 2 ORDER BY `status`,`order` desc  [ RunTime:0.0000s ]
INFO: [ view_parse ] --START--
INFO: [ template_filter ] --START--
INFO: Run Behavior\ContentReplaceBehavior [ RunTime:0.000000s ]
INFO: [ template_filter ] --END-- [ RunTime:0.000000s ]
INFO: Run Behavior\ParseTemplateBehavior [ RunTime:0.011000s ]
INFO: [ view_parse ] --END-- [ RunTime:0.011000s ]
INFO: [ view_filter ] --START--
INFO: Run Behavior\WriteHtmlCacheBehavior [ RunTime:0.000000s ]
INFO: [ view_filter ] --END-- [ RunTime:0.000000s ]
INFO: [ app_end ] --START--
INFO: Run Behavior\ShowPageTraceBehavior [ RunTime:0.001000s ]
INFO: [ app_end ] --END-- [ RunTime:0.001000s ]

[ 2017-04-12T14:14:32+08:00 ] 127.0.0.1 /admin.php
INFO: [ app_init ] --START--
INFO: Run Behavior\BuildLiteBehavior [ RunTime:0.000000s ]
INFO: [ app_init ] --END-- [ RunTime:0.000000s ]
INFO: [ app_begin ] --START--
INFO: Run Behavior\ReadHtmlCacheBehavior [ RunTime:0.001000s ]
INFO: [ app_begin ] --END-- [ RunTime:0.001000s ]
NOTIC: [2048] Declaration of Admin\Model\MenuModel::add() should be compatible with Think\Model::add($data = '', $options = Array, $replace = false) C:\www\thinkphp1\App\Admin\Model\MenuModel.class.php 第 5 行.
SQL: SHOW COLUMNS FROM `think_menu` [ RunTime:0.0090s ]
SQL: SELECT * FROM `think_menu` WHERE `status` = 1 AND `type` = 2 ORDER BY `status`,`order` desc  [ RunTime:0.0000s ]
INFO: [ view_parse ] --START--
INFO: [ template_filter ] --START--
INFO: Run Behavior\ContentReplaceBehavior [ RunTime:0.000000s ]
INFO: [ template_filter ] --END-- [ RunTime:0.000000s ]
INFO: Run Behavior\ParseTemplateBehavior [ RunTime:0.011001s ]
INFO: [ view_parse ] --END-- [ RunTime:0.011001s ]
INFO: [ view_filter ] --START--
INFO: Run Behavior\WriteHtmlCacheBehavior [ RunTime:0.001000s ]
INFO: [ view_filter ] --END-- [ RunTime:0.001000s ]
INFO: [ app_end ] --START--
INFO: Run Behavior\ShowPageTraceBehavior [ RunTime:0.001000s ]
INFO: [ app_end ] --END-- [ RunTime:0.001000s ]

[ 2017-04-12T14:14:37+08:00 ] 127.0.0.1 /admin.php
INFO: [ app_init ] --START--
INFO: Run Behavior\BuildLiteBehavior [ RunTime:0.000000s ]
INFO: [ app_init ] --END-- [ RunTime:0.001000s ]
INFO: [ app_begin ] --START--
INFO: Run Behavior\ReadHtmlCacheBehavior [ RunTime:0.001000s ]
INFO: [ app_begin ] --END-- [ RunTime:0.001000s ]
NOTIC: [2048] Declaration of Admin\Model\MenuModel::add() should be compatible with Think\Model::add($data = '', $options = Array, $replace = false) C:\www\thinkphp1\App\Admin\Model\MenuModel.class.php 第 5 行.
SQL: SHOW COLUMNS FROM `think_menu` [ RunTime:0.0040s ]
SQL: SELECT * FROM `think_menu` WHERE `status` = 1 AND `type` = 2 ORDER BY `status`,`order` desc  [ RunTime:0.0000s ]
INFO: [ view_parse ] --START--
INFO: [ template_filter ] --START--
INFO: Run Behavior\ContentReplaceBehavior [ RunTime:0.000000s ]
INFO: [ template_filter ] --END-- [ RunTime:0.000000s ]
INFO: Run Behavior\ParseTemplateBehavior [ RunTime:0.011001s ]
INFO: [ view_parse ] --END-- [ RunTime:0.011001s ]
INFO: [ view_filter ] --START--
INFO: Run Behavior\WriteHtmlCacheBehavior [ RunTime:0.001000s ]
INFO: [ view_filter ] --END-- [ RunTime:0.001000s ]
INFO: [ app_end ] --START--
INFO: Run Behavior\ShowPageTraceBehavior [ RunTime:0.000000s ]
INFO: [ app_end ] --END-- [ RunTime:0.000000s ]

[ 2017-04-12T14:15:11+08:00 ] 127.0.0.1 /admin.php
INFO: [ app_init ] --START--
INFO: Run Behavior\BuildLiteBehavior [ RunTime:0.000000s ]
INFO: [ app_init ] --END-- [ RunTime:0.000000s ]
INFO: [ app_begin ] --START--
INFO: Run Behavior\ReadHtmlCacheBehavior [ RunTime:0.010000s ]
INFO: [ app_begin ] --END-- [ RunTime:0.010000s ]
NOTIC: [2048] Declaration of Admin\Model\MenuModel::add() should be compatible with Think\Model::add($data = '', $options = Array, $replace = false) C:\www\thinkphp1\App\Admin\Model\MenuModel.class.php 第 5 行.
SQL: SHOW COLUMNS FROM `think_menu` [ RunTime:0.0000s ]
SQL: SELECT * FROM `think_menu` WHERE `status` = 1 AND `type` = 2 ORDER BY `status`,`order` desc  [ RunTime:0.0000s ]
INFO: [ view_parse ] --START--
INFO: [ template_filter ] --START--
INFO: Run Behavior\ContentReplaceBehavior [ RunTime:0.000000s ]
INFO: [ template_filter ] --END-- [ RunTime:0.000000s ]
INFO: Run Behavior\ParseTemplateBehavior [ RunTime:0.023000s ]
INFO: [ view_parse ] --END-- [ RunTime:0.023000s ]
INFO: [ view_filter ] --START--
INFO: Run Behavior\WriteHtmlCacheBehavior [ RunTime:0.000000s ]
INFO: [ view_filter ] --END-- [ RunTime:0.000000s ]
INFO: [ app_end ] --START--
INFO: Run Behavior\ShowPageTraceBehavior [ RunTime:0.001000s ]
INFO: [ app_end ] --END-- [ RunTime:0.001000s ]

[ 2017-04-12T14:15:12+08:00 ] 127.0.0.1 /admin.php
INFO: [ app_init ] --START--
INFO: Run Behavior\BuildLiteBehavior [ RunTime:0.000000s ]
INFO: [ app_init ] --END-- [ RunTime:0.000000s ]
INFO: [ app_begin ] --START--
INFO: Run Behavior\ReadHtmlCacheBehavior [ RunTime:0.001000s ]
INFO: [ app_begin ] --END-- [ RunTime:0.001000s ]
NOTIC: [2048] Declaration of Admin\Model\MenuModel::add() should be compatible with Think\Model::add($data = '', $options = Array, $replace = false) C:\www\thinkphp1\App\Admin\Model\MenuModel.class.php 第 5 行.
SQL: SHOW COLUMNS FROM `think_menu` [ RunTime:0.0100s ]
SQL: SELECT * FROM `think_menu` WHERE `status` = 1 AND `type` = 2 ORDER BY `status`,`order` desc  [ RunTime:0.0010s ]
INFO: [ view_parse ] --START--
INFO: [ template_filter ] --START--
INFO: Run Behavior\ContentReplaceBehavior [ RunTime:0.000000s ]
INFO: [ template_filter ] --END-- [ RunTime:0.000000s ]
INFO: Run Behavior\ParseTemplateBehavior [ RunTime:0.012000s ]
INFO: [ view_parse ] --END-- [ RunTime:0.012000s ]
INFO: [ view_filter ] --START--
INFO: Run Behavior\WriteHtmlCacheBehavior [ RunTime:0.000000s ]
INFO: [ view_filter ] --END-- [ RunTime:0.000000s ]
INFO: [ app_end ] --START--
INFO: Run Behavior\ShowPageTraceBehavior [ RunTime:0.000000s ]
INFO: [ app_end ] --END-- [ RunTime:0.000000s ]

[ 2017-04-12T14:16:51+08:00 ] 127.0.0.1 /admin.php/Admin/Login/login
INFO: [ app_init ] --START--
INFO: Run Behavior\BuildLiteBehavior [ RunTime:0.000000s ]
INFO: [ app_init ] --END-- [ RunTime:0.001000s ]
INFO: [ app_begin ] --START--
INFO: Run Behavior\ReadHtmlCacheBehavior [ RunTime:0.001000s ]
INFO: [ app_begin ] --END-- [ RunTime:0.001000s ]
INFO: [ view_parse ] --START--
INFO: [ template_filter ] --START--
INFO: Run Behavior\ContentReplaceBehavior [ RunTime:0.000000s ]
INFO: [ template_filter ] --END-- [ RunTime:0.000000s ]
INFO: Run Behavior\ParseTemplateBehavior [ RunTime:0.010001s ]
INFO: [ view_parse ] --END-- [ RunTime:0.010001s ]
INFO: [ view_filter ] --START--
INFO: Run Behavior\WriteHtmlCacheBehavior [ RunTime:0.000000s ]
INFO: [ view_filter ] --END-- [ RunTime:0.000000s ]
INFO: [ app_end ] --START--
INFO: Run Behavior\ShowPageTraceBehavior [ RunTime:0.001000s ]
INFO: [ app_end ] --END-- [ RunTime:0.001000s ]

[ 2017-04-12T14:19:46+08:00 ] 127.0.0.1 /admin.php/Admin/Login/login
INFO: [ app_init ] --START--
INFO: Run Behavior\BuildLiteBehavior [ RunTime:0.000000s ]
INFO: [ app_init ] --END-- [ RunTime:0.001000s ]
INFO: [ app_begin ] --START--
INFO: Run Behavior\ReadHtmlCacheBehavior [ RunTime:0.000000s ]
INFO: [ app_begin ] --END-- [ RunTime:0.000000s ]
ERR: 无法加载控制器:Admin

[ 2017-04-12T14:19:51+08:00 ] 127.0.0.1 /admin.php/
INFO: [ app_init ] --START--
INFO: Run Behavior\BuildLiteBehavior [ RunTime:0.000000s ]
INFO: [ app_init ] --END-- [ RunTime:0.001000s ]
INFO: [ app_begin ] --START--
INFO: Run Behavior\ReadHtmlCacheBehavior [ RunTime:0.000000s ]
INFO: [ app_begin ] --END-- [ RunTime:0.000000s ]
NOTIC: [2048] Declaration of Admin\Model\MenuModel::add() should be compatible with Think\Model::add($data = '', $options = Array, $replace = false) C:\www\thinkphp1\App\Admin\Model\MenuModel.class.php 第 5 行.
SQL: SHOW COLUMNS FROM `think_menu` [ RunTime:0.0100s ]
SQL: SELECT * FROM `think_menu` WHERE `status` = 1 AND `type` = 2 ORDER BY `status`,`order` desc  [ RunTime:0.0000s ]
INFO: [ view_parse ] --START--
INFO: [ template_filter ] --START--
INFO: Run Behavior\ContentReplaceBehavior [ RunTime:0.000000s ]
INFO: [ template_filter ] --END-- [ RunTime:0.000000s ]
INFO: Run Behavior\ParseTemplateBehavior [ RunTime:0.012001s ]
INFO: [ view_parse ] --END-- [ RunTime:0.012001s ]
INFO: [ view_filter ] --START--
INFO: Run Behavior\WriteHtmlCacheBehavior [ RunTime:0.001000s ]
INFO: [ view_filter ] --END-- [ RunTime:0.001000s ]
INFO: [ app_end ] --START--
INFO: Run Behavior\ShowPageTraceBehavior [ RunTime:0.001000s ]
INFO: [ app_end ] --END-- [ RunTime:0.001000s ]

[ 2017-04-12T14:20:24+08:00 ] 127.0.0.1 /admin.php/
INFO: [ app_init ] --START--
INFO: Run Behavior\BuildLiteBehavior [ RunTime:0.000000s ]
INFO: [ app_init ] --END-- [ RunTime:0.001000s ]
INFO: [ app_begin ] --START--
INFO: Run Behavior\ReadHtmlCacheBehavior [ RunTime:0.001000s ]
INFO: [ app_begin ] --END-- [ RunTime:0.001000s ]
NOTIC: [2048] Declaration of Admin\Model\MenuModel::add() should be compatible with Think\Model::add($data = '', $options = Array, $replace = false) C:\www\thinkphp1\App\Admin\Model\MenuModel.class.php 第 5 行.
SQL: SHOW COLUMNS FROM `think_menu` [ RunTime:0.0090s ]
SQL: SELECT * FROM `think_menu` WHERE `status` = 1 AND `type` = 2 ORDER BY `status`,`order` desc  [ RunTime:0.0010s ]
INFO: [ view_parse ] --START--
INFO: [ template_filter ] --START--
INFO: Run Behavior\ContentReplaceBehavior [ RunTime:0.000000s ]
INFO: [ template_filter ] --END-- [ RunTime:0.000000s ]
INFO: Run Behavior\ParseTemplateBehavior [ RunTime:0.011001s ]
INFO: [ view_parse ] --END-- [ RunTime:0.011001s ]
INFO: [ view_filter ] --START--
INFO: Run Behavior\WriteHtmlCacheBehavior [ RunTime:0.000000s ]
INFO: [ view_filter ] --END-- [ RunTime:0.000000s ]
INFO: [ app_end ] --START--
INFO: Run Behavior\ShowPageTraceBehavior [ RunTime:0.001000s ]
INFO: [ app_end ] --END-- [ RunTime:0.001000s ]

[ 2017-04-12T14:20:25+08:00 ] 127.0.0.1 /admin.php/
INFO: [ app_init ] --START--
INFO: Run Behavior\BuildLiteBehavior [ RunTime:0.000000s ]
INFO: [ app_init ] --END-- [ RunTime:0.001000s ]
INFO: [ app_begin ] --START--
INFO: Run Behavior\ReadHtmlCacheBehavior [ RunTime:0.001000s ]
INFO: [ app_begin ] --END-- [ RunTime:0.001000s ]
NOTIC: [2048] Declaration of Admin\Model\MenuModel::add() should be compatible with Think\Model::add($data = '', $options = Array, $replace = false) C:\www\thinkphp1\App\Admin\Model\MenuModel.class.php 第 5 行.
SQL: SHOW COLUMNS FROM `think_menu` [ RunTime:0.0090s ]
SQL: SELECT * FROM `think_menu` WHERE `status` = 1 AND `type` = 2 ORDER BY `status`,`order` desc  [ RunTime:0.0010s ]
INFO: [ view_parse ] --START--
INFO: [ template_filter ] --START--
INFO: Run Behavior\ContentReplaceBehavior [ RunTime:0.001000s ]
INFO: [ template_filter ] --END-- [ RunTime:0.001000s ]
INFO: Run Behavior\ParseTemplateBehavior [ RunTime:0.011001s ]
INFO: [ view_parse ] --END-- [ RunTime:0.011001s ]
INFO: [ view_filter ] --START--
INFO: Run Behavior\WriteHtmlCacheBehavior [ RunTime:0.000000s ]
INFO: [ view_filter ] --END-- [ RunTime:0.000000s ]
INFO: [ app_end ] --START--
INFO: Run Behavior\ShowPageTraceBehavior [ RunTime:0.001000s ]
INFO: [ app_end ] --END-- [ RunTime:0.001000s ]

[ 2017-04-12T14:20:32+08:00 ] 127.0.0.1 /admin.php/Admin/Login/login
INFO: [ app_init ] --START--
INFO: Run Behavior\BuildLiteBehavior [ RunTime:0.000000s ]
INFO: [ app_init ] --END-- [ RunTime:0.000000s ]
INFO: [ app_begin ] --START--
INFO: Run Behavior\ReadHtmlCacheBehavior [ RunTime:0.001000s ]
INFO: [ app_begin ] --END-- [ RunTime:0.001000s ]
ERR: 无法加载控制器:Admin

[ 2017-04-12T14:20:34+08:00 ] 127.0.0.1 /admin.php/Admin/Login/login
INFO: [ app_init ] --START--
INFO: Run Behavior\BuildLiteBehavior [ RunTime:0.000000s ]
INFO: [ app_init ] --END-- [ RunTime:0.000000s ]
INFO: [ app_begin ] --START--
INFO: Run Behavior\ReadHtmlCacheBehavior [ RunTime:0.001000s ]
INFO: [ app_begin ] --END-- [ RunTime:0.001000s ]
ERR: 无法加载控制器:Admin

[ 2017-04-12T14:20:44+08:00 ] 127.0.0.1 /admin.php
INFO: [ app_init ] --START--
INFO: Run Behavior\BuildLiteBehavior [ RunTime:0.000000s ]
INFO: [ app_init ] --END-- [ RunTime:0.000000s ]
INFO: [ app_begin ] --START--
INFO: Run Behavior\ReadHtmlCacheBehavior [ RunTime:0.000000s ]
INFO: [ app_begin ] --END-- [ RunTime:0.000000s ]
NOTIC: [2048] Declaration of Admin\Model\MenuModel::add() should be compatible with Think\Model::add($data = '', $options = Array, $replace = false) C:\www\thinkphp1\App\Admin\Model\MenuModel.class.php 第 5 行.
SQL: SHOW COLUMNS FROM `think_menu` [ RunTime:0.0100s ]
SQL: SELECT * FROM `think_menu` WHERE `status` = 1 AND `type` = 2 ORDER BY `status`,`order` desc  [ RunTime:0.0000s ]
INFO: [ view_parse ] --START--
INFO: [ template_filter ] --START--
INFO: Run Behavior\ContentReplaceBehavior [ RunTime:0.000000s ]
INFO: [ template_filter ] --END-- [ RunTime:0.000000s ]
INFO: Run Behavior\ParseTemplateBehavior [ RunTime:0.010000s ]
INFO: [ view_parse ] --END-- [ RunTime:0.010000s ]
INFO: [ view_filter ] --START--
INFO: Run Behavior\WriteHtmlCacheBehavior [ RunTime:0.000000s ]
INFO: [ view_filter ] --END-- [ RunTime:0.000000s ]
INFO: [ app_end ] --START--
INFO: Run Behavior\ShowPageTraceBehavior [ RunTime:0.010000s ]
INFO: [ app_end ] --END-- [ RunTime:0.010000s ]

[ 2017-04-12T14:20:45+08:00 ] 127.0.0.1 /admin.php
INFO: [ app_init ] --START--
INFO: Run Behavior\BuildLiteBehavior [ RunTime:0.000000s ]
INFO: [ app_init ] --END-- [ RunTime:0.001000s ]
INFO: [ app_begin ] --START--
INFO: Run Behavior\ReadHtmlCacheBehavior [ RunTime:0.001000s ]
INFO: [ app_begin ] --END-- [ RunTime:0.001000s ]
NOTIC: [2048] Declaration of Admin\Model\MenuModel::add() should be compatible with Think\Model::add($data = '', $options = Array, $replace = false) C:\www\thinkphp1\App\Admin\Model\MenuModel.class.php 第 5 行.
SQL: SHOW COLUMNS FROM `think_menu` [ RunTime:0.0110s ]
SQL: SELECT * FROM `think_menu` WHERE `status` = 1 AND `type` = 2 ORDER BY `status`,`order` desc  [ RunTime:0.0000s ]
INFO: [ view_parse ] --START--
INFO: [ template_filter ] --START--
INFO: Run Behavior\ContentReplaceBehavior [ RunTime:0.000000s ]
INFO: [ template_filter ] --END-- [ RunTime:0.000000s ]
INFO: Run Behavior\ParseTemplateBehavior [ RunTime:0.010000s ]
INFO: [ view_parse ] --END-- [ RunTime:0.011000s ]
INFO: [ view_filter ] --START--
INFO: Run Behavior\WriteHtmlCacheBehavior [ RunTime:0.000000s ]
INFO: [ view_filter ] --END-- [ RunTime:0.000000s ]
INFO: [ app_end ] --START--
INFO: Run Behavior\ShowPageTraceBehavior [ RunTime:0.001000s ]
INFO: [ app_end ] --END-- [ RunTime:0.001000s ]

[ 2017-04-12T14:21:26+08:00 ] 127.0.0.1 /admin.php
INFO: [ app_init ] --START--
INFO: Run Behavior\BuildLiteBehavior [ RunTime:0.000000s ]
INFO: [ app_init ] --END-- [ RunTime:0.001000s ]
INFO: [ app_begin ] --START--
INFO: Run Behavior\ReadHtmlCacheBehavior [ RunTime:0.001000s ]
INFO: [ app_begin ] --END-- [ RunTime:0.001000s ]
NOTIC: [2048] Declaration of Admin\Model\MenuModel::add() should be compatible with Think\Model::add($data = '', $options = Array, $replace = false) C:\www\thinkphp1\App\Admin\Model\MenuModel.class.php 第 5 行.
SQL: SHOW COLUMNS FROM `think_menu` [ RunTime:0.0100s ]
SQL: SELECT * FROM `think_menu` WHERE `status` = 1 AND `type` = 2 ORDER BY `status`,`order` desc  [ RunTime:0.0010s ]
INFO: [ view_parse ] --START--
INFO: [ template_filter ] --START--
INFO: Run Behavior\ContentReplaceBehavior [ RunTime:0.001000s ]
INFO: [ template_filter ] --END-- [ RunTime:0.001000s ]
INFO: Run Behavior\ParseTemplateBehavior [ RunTime:0.012001s ]
INFO: [ view_parse ] --END-- [ RunTime:0.012001s ]
INFO: [ view_filter ] --START--
INFO: Run Behavior\WriteHtmlCacheBehavior [ RunTime:0.000000s ]
INFO: [ view_filter ] --END-- [ RunTime:0.000000s ]
INFO: [ app_end ] --START--
INFO: Run Behavior\ShowPageTraceBehavior [ RunTime:0.001000s ]
INFO: [ app_end ] --END-- [ RunTime:0.001000s ]

[ 2017-04-12T14:21:52+08:00 ] 127.0.0.1 /admin.php
INFO: [ app_init ] --START--
INFO: Run Behavior\BuildLiteBehavior [ RunTime:0.000000s ]
INFO: [ app_init ] --END-- [ RunTime:0.000000s ]
INFO: [ app_begin ] --START--
INFO: Run Behavior\ReadHtmlCacheBehavior [ RunTime:0.001000s ]
INFO: [ app_begin ] --END-- [ RunTime:0.001000s ]
NOTIC: [2048] Declaration of Admin\Model\MenuModel::add() should be compatible with Think\Model::add($data = '', $options = Array, $replace = false) C:\www\thinkphp1\App\Admin\Model\MenuModel.class.php 第 5 行.
SQL: SHOW COLUMNS FROM `think_menu` [ RunTime:0.0110s ]
SQL: SELECT * FROM `think_menu` WHERE `status` = 1 AND `type` = 2 ORDER BY `status`,`order` desc  [ RunTime:0.0000s ]
INFO: [ view_parse ] --START--
INFO: [ template_filter ] --START--
INFO: Run Behavior\ContentReplaceBehavior [ RunTime:0.000000s ]
INFO: [ template_filter ] --END-- [ RunTime:0.000000s ]
INFO: Run Behavior\ParseTemplateBehavior [ RunTime:0.012000s ]
INFO: [ view_parse ] --END-- [ RunTime:0.012000s ]
INFO: [ view_filter ] --START--
INFO: Run Behavior\WriteHtmlCacheBehavior [ RunTime:0.000000s ]
INFO: [ view_filter ] --END-- [ RunTime:0.000000s ]
INFO: [ app_end ] --START--
INFO: Run Behavior\ShowPageTraceBehavior [ RunTime:0.001000s ]
INFO: [ app_end ] --END-- [ RunTime:0.001000s ]

[ 2017-04-12T14:21:53+08:00 ] 127.0.0.1 /Admin/Recommend/index
INFO: [ app_init ] --START--
INFO: Run Behavior\BuildLiteBehavior [ RunTime:0.000000s ]
INFO: [ app_init ] --END-- [ RunTime:0.000000s ]
INFO: [ app_begin ] --START--
INFO: Run Behavior\ReadHtmlCacheBehavior [ RunTime:0.001000s ]
INFO: [ app_begin ] --END-- [ RunTime:0.001000s ]
NOTIC: [2048] Declaration of Admin\Model\MenuModel::add() should be compatible with Think\Model::add($data = '', $options = Array, $replace = false) C:\www\thinkphp1\App\Admin\Model\MenuModel.class.php 第 5 行.
SQL: SHOW COLUMNS FROM `think_menu` [ RunTime:0.0100s ]
SQL: SELECT * FROM `think_menu` WHERE `status` = 1 AND `type` = 2 ORDER BY `status`,`order` desc  [ RunTime:0.0000s ]
SQL: SHOW COLUMNS FROM `think_recommend` [ RunTime:0.0110s ]
SQL: SELECT * FROM `think_recommend` ORDER BY `id`  [ RunTime:0.0010s ]
INFO: [ view_parse ] --START--
INFO: [ template_filter ] --START--
INFO: Run Behavior\ContentReplaceBehavior [ RunTime:0.000000s ]
INFO: [ template_filter ] --END-- [ RunTime:0.000000s ]
INFO: Run Behavior\ParseTemplateBehavior [ RunTime:0.012000s ]
INFO: [ view_parse ] --END-- [ RunTime:0.012000s ]
INFO: [ view_filter ] --START--
INFO: Run Behavior\WriteHtmlCacheBehavior [ RunTime:0.001000s ]
INFO: [ view_filter ] --END-- [ RunTime:0.001000s ]
INFO: [ app_end ] --START--
INFO: Run Behavior\ShowPageTraceBehavior [ RunTime:0.001000s ]
INFO: [ app_end ] --END-- [ RunTime:0.001000s ]

[ 2017-04-12T14:21:54+08:00 ] 127.0.0.1 /Admin/Menu/index
INFO: [ app_init ] --START--
INFO: Run Behavior\BuildLiteBehavior [ RunTime:0.000000s ]
INFO: [ app_init ] --END-- [ RunTime:0.001000s ]
INFO: [ app_begin ] --START--
INFO: Run Behavior\ReadHtmlCacheBehavior [ RunTime:0.001000s ]
INFO: [ app_begin ] --END-- [ RunTime:0.001000s ]
NOTIC: [2048] Declaration of Admin\Model\MenuModel::add() should be compatible with Think\Model::add($data = '', $options = Array, $replace = false) C:\www\thinkphp1\App\Admin\Model\MenuModel.class.php 第 5 行.
SQL: SHOW COLUMNS FROM `think_menu` [ RunTime:0.0130s ]
SQL: SELECT * FROM `think_menu` WHERE `status` = 1 AND `type` = 2 ORDER BY `status`,`order` desc  [ RunTime:0.0000s ]
SQL: SELECT * FROM `think_menu` ORDER BY `status`,`order` desc  [ RunTime:0.0000s ]
SQL: SELECT * FROM `think_menu` ORDER BY `status`,`order` desc LIMIT 0,20   [ RunTime:0.0010s ]
INFO: [ view_parse ] --START--
INFO: [ template_filter ] --START--
INFO: Run Behavior\ContentReplaceBehavior [ RunTime:0.000000s ]
INFO: [ template_filter ] --END-- [ RunTime:0.000000s ]
NOTIC: [8] Undefined index: type C:\www\thinkphp1\App\Runtime\Cache\Admin\5a1d71dcf039f1b3725a8d8d96ae9d91.php 第 67 行.
NOTIC: [8] Undefined index: type C:\www\thinkphp1\App\Runtime\Cache\Admin\5a1d71dcf039f1b3725a8d8d96ae9d91.php 第 68 行.
NOTIC: [8] Undefined index: type C:\www\thinkphp1\App\Runtime\Cache\Admin\5a1d71dcf039f1b3725a8d8d96ae9d91.php 第 69 行.
INFO: Run Behavior\ParseTemplateBehavior [ RunTime:0.014001s ]
INFO: [ view_parse ] --END-- [ RunTime:0.014001s ]
INFO: [ view_filter ] --START--
INFO: Run Behavior\WriteHtmlCacheBehavior [ RunTime:0.000000s ]
INFO: [ view_filter ] --END-- [ RunTime:0.000000s ]
INFO: [ app_end ] --START--
INFO: Run Behavior\ShowPageTraceBehavior [ RunTime:0.001000s ]
INFO: [ app_end ] --END-- [ RunTime:0.001000s ]

[ 2017-04-12T14:21:55+08:00 ] 127.0.0.1 /Admin/Recommend/index
INFO: [ app_init ] --START--
INFO: Run Behavior\BuildLiteBehavior [ RunTime:0.000000s ]
INFO: [ app_init ] --END-- [ RunTime:0.000000s ]
INFO: [ app_begin ] --START--
INFO: Run Behavior\ReadHtmlCacheBehavior [ RunTime:0.000000s ]
INFO: [ app_begin ] --END-- [ RunTime:0.000000s ]
NOTIC: [2048] Declaration of Admin\Model\MenuModel::add() should be compatible with Think\Model::add($data = '', $options = Array, $replace = false) C:\www\thinkphp1\App\Admin\Model\MenuModel.class.php 第 5 行.
SQL: SHOW COLUMNS FROM `think_menu` [ RunTime:0.0060s ]
SQL: SELECT * FROM `think_menu` WHERE `status` = 1 AND `type` = 2 ORDER BY `status`,`order` desc  [ RunTime:0.0000s ]
SQL: SHOW COLUMNS FROM `think_recommend` [ RunTime:0.0070s ]
SQL: SELECT * FROM `think_recommend` ORDER BY `id`  [ RunTime:0.0000s ]
INFO: [ view_parse ] --START--
INFO: [ template_filter ] --START--
INFO: Run Behavior\ContentReplaceBehavior [ RunTime:0.001001s ]
INFO: [ template_filter ] --END-- [ RunTime:0.001001s ]
INFO: Run Behavior\ParseTemplateBehavior [ RunTime:0.012001s ]
INFO: [ view_parse ] --END-- [ RunTime:0.012001s ]
INFO: [ view_filter ] --START--
INFO: Run Behavior\WriteHtmlCacheBehavior [ RunTime:0.000000s ]
INFO: [ view_filter ] --END-- [ RunTime:0.000000s ]
INFO: [ app_end ] --START--
INFO: Run Behavior\ShowPageTraceBehavior [ RunTime:0.001000s ]
INFO: [ app_end ] --END-- [ RunTime:0.001000s ]

[ 2017-04-12T14:25:26+08:00 ] 127.0.0.1 /admin.php
INFO: [ app_init ] --START--
INFO: Run Behavior\BuildLiteBehavior [ RunTime:0.000000s ]
INFO: [ app_init ] --END-- [ RunTime:0.000000s ]
INFO: [ app_begin ] --START--
INFO: Run Behavior\ReadHtmlCacheBehavior [ RunTime:0.000000s ]
INFO: [ app_begin ] --END-- [ RunTime:0.000000s ]
NOTIC: [2048] Declaration of Admin\Model\MenuModel::add() should be compatible with Think\Model::add($data = '', $options = Array, $replace = false) C:\www\thinkphp1\App\Admin\Model\MenuModel.class.php 第 5 行.
SQL: SHOW COLUMNS FROM `think_menu` [ RunTime:0.0000s ]
SQL: SELECT * FROM `think_menu` WHERE `status` = 1 AND `type` = 2 ORDER BY `status`,`order` desc  [ RunTime:0.0000s ]
INFO: [ view_parse ] --START--
INFO: [ template_filter ] --START--
INFO: Run Behavior\ContentReplaceBehavior [ RunTime:0.000000s ]
INFO: [ template_filter ] --END-- [ RunTime:0.000000s ]
INFO: Run Behavior\ParseTemplateBehavior [ RunTime:0.010000s ]
INFO: [ view_parse ] --END-- [ RunTime:0.010000s ]
INFO: [ view_filter ] --START--
INFO: Run Behavior\WriteHtmlCacheBehavior [ RunTime:0.000000s ]
INFO: [ view_filter ] --END-- [ RunTime:0.000000s ]
INFO: [ app_end ] --START--
INFO: Run Behavior\ShowPageTraceBehavior [ RunTime:0.000000s ]
INFO: [ app_end ] --END-- [ RunTime:0.000000s ]

[ 2017-04-12T14:25:27+08:00 ] 127.0.0.1 /admin.php
INFO: [ app_init ] --START--
INFO: Run Behavior\BuildLiteBehavior [ RunTime:0.000000s ]
INFO: [ app_init ] --END-- [ RunTime:0.001000s ]
INFO: [ app_begin ] --START--
INFO: Run Behavior\ReadHtmlCacheBehavior [ RunTime:0.001000s ]
INFO: [ app_begin ] --END-- [ RunTime:0.001000s ]
NOTIC: [2048] Declaration of Admin\Model\MenuModel::add() should be compatible with Think\Model::add($data = '', $options = Array, $replace = false) C:\www\thinkphp1\App\Admin\Model\MenuModel.class.php 第 5 行.
SQL: SHOW COLUMNS FROM `think_menu` [ RunTime:0.0090s ]
SQL: SELECT * FROM `think_menu` WHERE `status` = 1 AND `type` = 2 ORDER BY `status`,`order` desc  [ RunTime:0.0010s ]
INFO: [ view_parse ] --START--
INFO: [ template_filter ] --START--
INFO: Run Behavior\ContentReplaceBehavior [ RunTime:0.000000s ]
INFO: [ template_filter ] --END-- [ RunTime:0.000000s ]
INFO: Run Behavior\ParseTemplateBehavior [ RunTime:0.012001s ]
INFO: [ view_parse ] --END-- [ RunTime:0.013001s ]
INFO: [ view_filter ] --START--
INFO: Run Behavior\WriteHtmlCacheBehavior [ RunTime:0.000000s ]
INFO: [ view_filter ] --END-- [ RunTime:0.000000s ]
INFO: [ app_end ] --START--
INFO: Run Behavior\ShowPageTraceBehavior [ RunTime:0.001000s ]
INFO: [ app_end ] --END-- [ RunTime:0.001000s ]

[ 2017-04-12T14:25:28+08:00 ] 127.0.0.1 /Admin/Menu/index
INFO: [ app_init ] --START--
INFO: Run Behavior\BuildLiteBehavior [ RunTime:0.000000s ]
INFO: [ app_init ] --END-- [ RunTime:0.001001s ]
INFO: [ app_begin ] --START--
INFO: Run Behavior\ReadHtmlCacheBehavior [ RunTime:0.001000s ]
INFO: [ app_begin ] --END-- [ RunTime:0.001000s ]
NOTIC: [2048] Declaration of Admin\Model\MenuModel::add() should be compatible with Think\Model::add($data = '', $options = Array, $replace = false) C:\www\thinkphp1\App\Admin\Model\MenuModel.class.php 第 5 行.
SQL: SHOW COLUMNS FROM `think_menu` [ RunTime:0.0100s ]
SQL: SELECT * FROM `think_menu` WHERE `status` = 1 AND `type` = 2 ORDER BY `status`,`order` desc  [ RunTime:0.0000s ]
SQL: SELECT * FROM `think_menu` ORDER BY `status`,`order` desc  [ RunTime:0.0010s ]
SQL: SELECT * FROM `think_menu` ORDER BY `status`,`order` desc LIMIT 0,20   [ RunTime:0.0000s ]
INFO: [ view_parse ] --START--
INFO: [ template_filter ] --START--
INFO: Run Behavior\ContentReplaceBehavior [ RunTime:0.000000s ]
INFO: [ template_filter ] --END-- [ RunTime:0.000000s ]
NOTIC: [8] Undefined index: type C:\www\thinkphp1\App\Runtime\Cache\Admin\5a1d71dcf039f1b3725a8d8d96ae9d91.php 第 67 行.
NOTIC: [8] Undefined index: type C:\www\thinkphp1\App\Runtime\Cache\Admin\5a1d71dcf039f1b3725a8d8d96ae9d91.php 第 68 行.
NOTIC: [8] Undefined index: type C:\www\thinkphp1\App\Runtime\Cache\Admin\5a1d71dcf039f1b3725a8d8d96ae9d91.php 第 69 行.
INFO: Run Behavior\ParseTemplateBehavior [ RunTime:0.012001s ]
INFO: [ view_parse ] --END-- [ RunTime:0.013001s ]
INFO: [ view_filter ] --START--
INFO: Run Behavior\WriteHtmlCacheBehavior [ RunTime:0.000000s ]
INFO: [ view_filter ] --END-- [ RunTime:0.000000s ]
INFO: [ app_end ] --START--
INFO: Run Behavior\ShowPageTraceBehavior [ RunTime:0.001000s ]
INFO: [ app_end ] --END-- [ RunTime:0.001000s ]

[ 2017-04-12T14:25:29+08:00 ] 127.0.0.1 /Admin/Recommend/index
INFO: [ app_init ] --START--
INFO: Run Behavior\BuildLiteBehavior [ RunTime:0.000000s ]
INFO: [ app_init ] --END-- [ RunTime:0.001000s ]
INFO: [ app_begin ] --START--
INFO: Run Behavior\ReadHtmlCacheBehavior [ RunTime:0.001000s ]
INFO: [ app_begin ] --END-- [ RunTime:0.001000s ]
NOTIC: [2048] Declaration of Admin\Model\MenuModel::add() should be compatible with Think\Model::add($data = '', $options = Array, $replace = false) C:\www\thinkphp1\App\Admin\Model\MenuModel.class.php 第 5 行.
SQL: SHOW COLUMNS FROM `think_menu` [ RunTime:0.0090s ]
SQL: SELECT * FROM `think_menu` WHERE `status` = 1 AND `type` = 2 ORDER BY `status`,`order` desc  [ RunTime:0.0000s ]
SQL: SHOW COLUMNS FROM `think_recommend` [ RunTime:0.0100s ]
SQL: SELECT * FROM `think_recommend` ORDER BY `id`  [ RunTime:0.0000s ]
INFO: [ view_parse ] --START--
INFO: [ template_filter ] --START--
INFO: Run Behavior\ContentReplaceBehavior [ RunTime:0.000000s ]
INFO: [ template_filter ] --END-- [ RunTime:0.000000s ]
INFO: Run Behavior\ParseTemplateBehavior [ RunTime:0.012000s ]
INFO: [ view_parse ] --END-- [ RunTime:0.012000s ]
INFO: [ view_filter ] --START--
INFO: Run Behavior\WriteHtmlCacheBehavior [ RunTime:0.000000s ]
INFO: [ view_filter ] --END-- [ RunTime:0.000000s ]
INFO: [ app_end ] --START--
INFO: Run Behavior\ShowPageTraceBehavior [ RunTime:0.000000s ]
INFO: [ app_end ] --END-- [ RunTime:0.001000s ]

[ 2017-04-12T14:25:30+08:00 ] 127.0.0.1 /Admin/article/index
INFO: [ app_init ] --START--
INFO: Run Behavior\BuildLiteBehavior [ RunTime:0.000000s ]
INFO: [ app_init ] --END-- [ RunTime:0.001000s ]
INFO: [ app_begin ] --START--
INFO: Run Behavior\ReadHtmlCacheBehavior [ RunTime:0.001000s ]
INFO: [ app_begin ] --END-- [ RunTime:0.001000s ]
NOTIC: [2048] Declaration of Admin\Model\MenuModel::add() should be compatible with Think\Model::add($data = '', $options = Array, $replace = false) C:\www\thinkphp1\App\Admin\Model\MenuModel.class.php 第 5 行.
SQL: SHOW COLUMNS FROM `think_menu` [ RunTime:0.0100s ]
SQL: SELECT * FROM `think_menu` WHERE `status` = 1 AND `type` = 2 ORDER BY `status`,`order` desc  [ RunTime:0.0010s ]
SQL: SHOW COLUMNS FROM `think_recommend` [ RunTime:0.0100s ]
SQL: SELECT * FROM `think_recommend` ORDER BY `id`  [ RunTime:0.0000s ]
SQL: SHOW COLUMNS FROM `think_article` [ RunTime:0.0100s ]
NOTIC: [2] Invalid argument supplied for foreach() C:\www\thinkphp1\ThinkPHP\Library\Think\Db\Driver.class.php 第 504 行.
SQL: SELECT * FROM `think_article`  [ RunTime:0.0000s ]
SQL: SELECT * FROM `think_article` LIMIT 0,25   [ RunTime:0.0000s ]
SQL: SHOW COLUMNS FROM `think_type` [ RunTime:0.0060s ]
SQL: SELECT * FROM `think_type`  [ RunTime:0.0000s ]
INFO: [ view_parse ] --START--
INFO: [ template_filter ] --START--
INFO: Run Behavior\ContentReplaceBehavior [ RunTime:0.000000s ]
INFO: [ template_filter ] --END-- [ RunTime:0.000000s ]
INFO: Run Behavior\ParseTemplateBehavior [ RunTime:0.013001s ]
INFO: [ view_parse ] --END-- [ RunTime:0.013001s ]
INFO: [ view_filter ] --START--
INFO: Run Behavior\WriteHtmlCacheBehavior [ RunTime:0.000000s ]
INFO: [ view_filter ] --END-- [ RunTime:0.000000s ]
INFO: [ app_end ] --START--
INFO: Run Behavior\ShowPageTraceBehavior [ RunTime:0.001000s ]
INFO: [ app_end ] --END-- [ RunTime:0.001000s ]

[ 2017-04-12T14:25:30+08:00 ] 127.0.0.1 /Admin/Type/index
INFO: [ app_init ] --START--
INFO: Run Behavior\BuildLiteBehavior [ RunTime:0.000000s ]
INFO: [ app_init ] --END-- [ RunTime:0.000000s ]
INFO: [ app_begin ] --START--
INFO: Run Behavior\ReadHtmlCacheBehavior [ RunTime:0.001000s ]
INFO: [ app_begin ] --END-- [ RunTime:0.001000s ]
NOTIC: [2048] Declaration of Admin\Model\MenuModel::add() should be compatible with Think\Model::add($data = '', $options = Array, $replace = false) C:\www\thinkphp1\App\Admin\Model\MenuModel.class.php 第 5 行.
SQL: SHOW COLUMNS FROM `think_menu` [ RunTime:0.0100s ]
SQL: SELECT * FROM `think_menu` WHERE `status` = 1 AND `type` = 2 ORDER BY `status`,`order` desc  [ RunTime:0.0000s ]
SQL: SHOW COLUMNS FROM `think_navigation` [ RunTime:0.0110s ]
SQL: SELECT * FROM `think_navigation`  [ RunTime:0.0000s ]
SQL: SHOW COLUMNS FROM `think_type` [ RunTime:0.0110s ]
SQL: SELECT * FROM `think_type`  [ RunTime:0.0000s ]
INFO: [ view_parse ] --START--
INFO: [ template_filter ] --START--
INFO: Run Behavior\ContentReplaceBehavior [ RunTime:0.000000s ]
INFO: [ template_filter ] --END-- [ RunTime:0.001000s ]
INFO: Run Behavior\ParseTemplateBehavior [ RunTime:0.014001s ]
INFO: [ view_parse ] --END-- [ RunTime:0.014001s ]
INFO: [ view_filter ] --START--
INFO: Run Behavior\WriteHtmlCacheBehavior [ RunTime:0.000000s ]
INFO: [ view_filter ] --END-- [ RunTime:0.000000s ]
INFO: [ app_end ] --START--
INFO: Run Behavior\ShowPageTraceBehavior [ RunTime:0.001000s ]
INFO: [ app_end ] --END-- [ RunTime:0.001000s ]

[ 2017-04-12T14:25:31+08:00 ] 127.0.0.1 /Admin/Navigation/index
INFO: [ app_init ] --START--
INFO: Run Behavior\BuildLiteBehavior [ RunTime:0.000000s ]
INFO: [ app_init ] --END-- [ RunTime:0.001000s ]
INFO: [ app_begin ] --START--
INFO: Run Behavior\ReadHtmlCacheBehavior [ RunTime:0.000000s ]
INFO: [ app_begin ] --END-- [ RunTime:0.000000s ]
NOTIC: [2048] Declaration of Admin\Model\MenuModel::add() should be compatible with Think\Model::add($data = '', $options = Array, $replace = false) C:\www\thinkphp1\App\Admin\Model\MenuModel.class.php 第 5 行.
SQL: SHOW COLUMNS FROM `think_menu` [ RunTime:0.0090s ]
SQL: SELECT * FROM `think_menu` WHERE `status` = 1 AND `type` = 2 ORDER BY `status`,`order` desc  [ RunTime:0.0000s ]
SQL: SHOW COLUMNS FROM `think_navigation` [ RunTime:0.0100s ]
SQL: SELECT * FROM `think_navigation`  [ RunTime:0.0000s ]
SQL: SHOW COLUMNS FROM `think_type` [ RunTime:0.0110s ]
SQL: SELECT * FROM `think_type` WHERE `pid` = 1  [ RunTime:0.0000s ]
SQL: SELECT * FROM `think_type` WHERE `pid` = 2  [ RunTime:0.0000s ]
INFO: [ view_parse ] --START--
INFO: [ template_filter ] --START--
INFO: Run Behavior\ContentReplaceBehavior [ RunTime:0.001000s ]
INFO: [ template_filter ] --END-- [ RunTime:0.001000s ]
INFO: Run Behavior\ParseTemplateBehavior [ RunTime:0.013001s ]
INFO: [ view_parse ] --END-- [ RunTime:0.013001s ]
INFO: [ view_filter ] --START--
INFO: Run Behavior\WriteHtmlCacheBehavior [ RunTime:0.001000s ]
INFO: [ view_filter ] --END-- [ RunTime:0.001000s ]
INFO: [ app_end ] --START--
INFO: Run Behavior\ShowPageTraceBehavior [ RunTime:0.000000s ]
INFO: [ app_end ] --END-- [ RunTime:0.000000s ]

[ 2017-04-12T14:25:32+08:00 ] 127.0.0.1 /Admin/Type/index
INFO: [ app_init ] --START--
INFO: Run Behavior\BuildLiteBehavior [ RunTime:0.000000s ]
INFO: [ app_init ] --END-- [ RunTime:0.001000s ]
INFO: [ app_begin ] --START--
INFO: Run Behavior\ReadHtmlCacheBehavior [ RunTime:0.000000s ]
INFO: [ app_begin ] --END-- [ RunTime:0.000000s ]
NOTIC: [2048] Declaration of Admin\Model\MenuModel::add() should be compatible with Think\Model::add($data = '', $options = Array, $replace = false) C:\www\thinkphp1\App\Admin\Model\MenuModel.class.php 第 5 行.
SQL: SHOW COLUMNS FROM `think_menu` [ RunTime:0.0090s ]
SQL: SELECT * FROM `think_menu` WHERE `status` = 1 AND `type` = 2 ORDER BY `status`,`order` desc  [ RunTime:0.0010s ]
SQL: SHOW COLUMNS FROM `think_navigation` [ RunTime:0.0090s ]
SQL: SELECT * FROM `think_navigation`  [ RunTime:0.0000s ]
SQL: SHOW COLUMNS FROM `think_type` [ RunTime:0.0080s ]
SQL: SELECT * FROM `think_type`  [ RunTime:0.0010s ]
INFO: [ view_parse ] --START--
INFO: [ template_filter ] --START--
INFO: Run Behavior\ContentReplaceBehavior [ RunTime:0.000000s ]
INFO: [ template_filter ] --END-- [ RunTime:0.000000s ]
INFO: Run Behavior\ParseTemplateBehavior [ RunTime:0.012001s ]
INFO: [ view_parse ] --END-- [ RunTime:0.012001s ]
INFO: [ view_filter ] --START--
INFO: Run Behavior\WriteHtmlCacheBehavior [ RunTime:0.001000s ]
INFO: [ view_filter ] --END-- [ RunTime:0.001000s ]
INFO: [ app_end ] --START--
INFO: Run Behavior\ShowPageTraceBehavior [ RunTime:0.001000s ]
INFO: [ app_end ] --END-- [ RunTime:0.001000s ]

[ 2017-04-12T14:25:32+08:00 ] 127.0.0.1 /Admin/article/index
INFO: [ app_init ] --START--
INFO: Run Behavior\BuildLiteBehavior [ RunTime:0.000000s ]
INFO: [ app_init ] --END-- [ RunTime:0.000000s ]
INFO: [ app_begin ] --START--
INFO: Run Behavior\ReadHtmlCacheBehavior [ RunTime:0.000000s ]
INFO: [ app_begin ] --END-- [ RunTime:0.000000s ]
NOTIC: [2048] Declaration of Admin\Model\MenuModel::add() should be compatible with Think\Model::add($data = '', $options = Array, $replace = false) C:\www\thinkphp1\App\Admin\Model\MenuModel.class.php 第 5 行.
SQL: SHOW COLUMNS FROM `think_menu` [ RunTime:0.0110s ]
SQL: SELECT * FROM `think_menu` WHERE `status` = 1 AND `type` = 2 ORDER BY `status`,`order` desc  [ RunTime:0.0000s ]
SQL: SHOW COLUMNS FROM `think_recommend` [ RunTime:0.0090s ]
SQL: SELECT * FROM `think_recommend` ORDER BY `id`  [ RunTime:0.0010s ]
SQL: SHOW COLUMNS FROM `think_article` [ RunTime:0.0100s ]
NOTIC: [2] Invalid argument supplied for foreach() C:\www\thinkphp1\ThinkPHP\Library\Think\Db\Driver.class.php 第 504 行.
SQL: SELECT * FROM `think_article`  [ RunTime:0.0010s ]
SQL: SELECT * FROM `think_article` LIMIT 0,25   [ RunTime:0.0000s ]
SQL: SHOW COLUMNS FROM `think_type` [ RunTime:0.0100s ]
SQL: SELECT * FROM `think_type`  [ RunTime:0.0010s ]
INFO: [ view_parse ] --START--
INFO: [ template_filter ] --START--
INFO: Run Behavior\ContentReplaceBehavior [ RunTime:0.000000s ]
INFO: [ template_filter ] --END-- [ RunTime:0.000000s ]
INFO: Run Behavior\ParseTemplateBehavior [ RunTime:0.014001s ]
INFO: [ view_parse ] --END-- [ RunTime:0.014001s ]
INFO: [ view_filter ] --START--
INFO: Run Behavior\WriteHtmlCacheBehavior [ RunTime:0.000000s ]
INFO: [ view_filter ] --END-- [ RunTime:0.000000s ]
INFO: [ app_end ] --START--
INFO: Run Behavior\ShowPageTraceBehavior [ RunTime:0.001000s ]
INFO: [ app_end ] --END-- [ RunTime:0.001000s ]

[ 2017-04-12T14:25:33+08:00 ] 127.0.0.1 /Admin/Menu/index
INFO: [ app_init ] --START--
INFO: Run Behavior\BuildLiteBehavior [ RunTime:0.000000s ]
INFO: [ app_init ] --END-- [ RunTime:0.000000s ]
INFO: [ app_begin ] --START--
INFO: Run Behavior\ReadHtmlCacheBehavior [ RunTime:0.001000s ]
INFO: [ app_begin ] --END-- [ RunTime:0.002000s ]
NOTIC: [2048] Declaration of Admin\Model\MenuModel::add() should be compatible with Think\Model::add($data = '', $options = Array, $replace = false) C:\www\thinkphp1\App\Admin\Model\MenuModel.class.php 第 5 行.
SQL: SHOW COLUMNS FROM `think_menu` [ RunTime:0.0100s ]
SQL: SELECT * FROM `think_menu` WHERE `status` = 1 AND `type` = 2 ORDER BY `status`,`order` desc  [ RunTime:0.0000s ]
SQL: SELECT * FROM `think_menu` ORDER BY `status`,`order` desc  [ RunTime:0.0010s ]
SQL: SELECT * FROM `think_menu` ORDER BY `status`,`order` desc LIMIT 0,20   [ RunTime:0.0000s ]
INFO: [ view_parse ] --START--
INFO: [ template_filter ] --START--
INFO: Run Behavior\ContentReplaceBehavior [ RunTime:0.000000s ]
INFO: [ template_filter ] --END-- [ RunTime:0.000000s ]
NOTIC: [8] Undefined index: type C:\www\thinkphp1\App\Runtime\Cache\Admin\5a1d71dcf039f1b3725a8d8d96ae9d91.php 第 67 行.
NOTIC: [8] Undefined index: type C:\www\thinkphp1\App\Runtime\Cache\Admin\5a1d71dcf039f1b3725a8d8d96ae9d91.php 第 68 行.
NOTIC: [8] Undefined index: type C:\www\thinkphp1\App\Runtime\Cache\Admin\5a1d71dcf039f1b3725a8d8d96ae9d91.php 第 69 行.
INFO: Run Behavior\ParseTemplateBehavior [ RunTime:0.013001s ]
INFO: [ view_parse ] --END-- [ RunTime:0.013001s ]
INFO: [ view_filter ] --START--
INFO: Run Behavior\WriteHtmlCacheBehavior [ RunTime:0.001000s ]
INFO: [ view_filter ] --END-- [ RunTime:0.001000s ]
INFO: [ app_end ] --START--
INFO: Run Behavior\ShowPageTraceBehavior [ RunTime:0.001000s ]
INFO: [ app_end ] --END-- [ RunTime:0.001000s ]

[ 2017-04-12T14:25:33+08:00 ] 127.0.0.1 /Admin/Index/index
INFO: [ app_init ] --START--
INFO: Run Behavior\BuildLiteBehavior [ RunTime:0.000000s ]
INFO: [ app_init ] --END-- [ RunTime:0.001001s ]
INFO: [ app_begin ] --START--
INFO: Run Behavior\ReadHtmlCacheBehavior [ RunTime:0.000000s ]
INFO: [ app_begin ] --END-- [ RunTime:0.000000s ]
NOTIC: [2048] Declaration of Admin\Model\MenuModel::add() should be compatible with Think\Model::add($data = '', $options = Array, $replace = false) C:\www\thinkphp1\App\Admin\Model\MenuModel.class.php 第 5 行.
SQL: SHOW COLUMNS FROM `think_menu` [ RunTime:0.0060s ]
SQL: SELECT * FROM `think_menu` WHERE `status` = 1 AND `type` = 2 ORDER BY `status`,`order` desc  [ RunTime:0.0000s ]
INFO: [ view_parse ] --START--
INFO: [ template_filter ] --START--
INFO: Run Behavior\ContentReplaceBehavior [ RunTime:0.000000s ]
INFO: [ template_filter ] --END-- [ RunTime:0.001000s ]
INFO: Run Behavior\ParseTemplateBehavior [ RunTime:0.011001s ]
INFO: [ view_parse ] --END-- [ RunTime:0.011001s ]
INFO: [ view_filter ] --START--
INFO: Run Behavior\WriteHtmlCacheBehavior [ RunTime:0.001000s ]
INFO: [ view_filter ] --END-- [ RunTime:0.001000s ]
INFO: [ app_end ] --START--
INFO: Run Behavior\ShowPageTraceBehavior [ RunTime:0.000000s ]
INFO: [ app_end ] --END-- [ RunTime:0.000000s ]

[ 2017-04-12T14:25:37+08:00 ] 127.0.0.1 /Admin/Login/logout
INFO: [ app_init ] --START--
INFO: Run Behavior\BuildLiteBehavior [ RunTime:0.000000s ]
INFO: [ app_init ] --END-- [ RunTime:0.001000s ]
INFO: [ app_begin ] --START--
INFO: Run Behavior\ReadHtmlCacheBehavior [ RunTime:0.002000s ]
INFO: [ app_begin ] --END-- [ RunTime:0.002000s ]

[ 2017-04-12T14:25:37+08:00 ] 127.0.0.1 /Admin/Login/login
INFO: [ app_init ] --START--
INFO: Run Behavior\BuildLiteBehavior [ RunTime:0.000000s ]
INFO: [ app_init ] --END-- [ RunTime:0.001000s ]
INFO: [ app_begin ] --START--
INFO: Run Behavior\ReadHtmlCacheBehavior [ RunTime:0.001000s ]
INFO: [ app_begin ] --END-- [ RunTime:0.001000s ]
INFO: [ view_parse ] --START--
INFO: [ template_filter ] --START--
INFO: Run Behavior\ContentReplaceBehavior [ RunTime:0.000000s ]
INFO: [ template_filter ] --END-- [ RunTime:0.000000s ]
INFO: Run Behavior\ParseTemplateBehavior [ RunTime:0.011001s ]
INFO: [ view_parse ] --END-- [ RunTime:0.011001s ]
INFO: [ view_filter ] --START--
INFO: Run Behavior\WriteHtmlCacheBehavior [ RunTime:0.001000s ]
INFO: [ view_filter ] --END-- [ RunTime:0.001000s ]
INFO: [ app_end ] --START--
INFO: Run Behavior\ShowPageTraceBehavior [ RunTime:0.001000s ]
INFO: [ app_end ] --END-- [ RunTime:0.001000s ]

[ 2017-04-12T14:27:41+08:00 ] 127.0.0.1 /admin.php/Admin/Login/login
INFO: [ app_init ] --START--
INFO: Run Behavior\BuildLiteBehavior [ RunTime:0.000000s ]
INFO: [ app_init ] --END-- [ RunTime:0.000000s ]
INFO: [ app_begin ] --START--
INFO: Run Behavior\ReadHtmlCacheBehavior [ RunTime:0.002000s ]
INFO: [ app_begin ] --END-- [ RunTime:0.002000s ]
ERR: 无法加载控制器:Admin

[ 2017-04-12T14:27:45+08:00 ] 127.0.0.1 /admin.php/Login/login
INFO: [ app_init ] --START--
INFO: Run Behavior\BuildLiteBehavior [ RunTime:0.000000s ]
INFO: [ app_init ] --END-- [ RunTime:0.001001s ]
INFO: [ app_begin ] --START--
INFO: Run Behavior\ReadHtmlCacheBehavior [ RunTime:0.000000s ]
INFO: [ app_begin ] --END-- [ RunTime:0.001000s ]
INFO: [ view_parse ] --START--
INFO: [ template_filter ] --START--
INFO: Run Behavior\ContentReplaceBehavior [ RunTime:0.000000s ]
INFO: [ template_filter ] --END-- [ RunTime:0.000000s ]
INFO: Run Behavior\ParseTemplateBehavior [ RunTime:0.009000s ]
INFO: [ view_parse ] --END-- [ RunTime:0.009000s ]
INFO: [ view_filter ] --START--
INFO: Run Behavior\WriteHtmlCacheBehavior [ RunTime:0.001000s ]
INFO: [ view_filter ] --END-- [ RunTime:0.001000s ]
INFO: [ app_end ] --START--
INFO: Run Behavior\ShowPageTraceBehavior [ RunTime:0.000000s ]
INFO: [ app_end ] --END-- [ RunTime:0.000000s ]

[ 2017-04-12T14:28:10+08:00 ] 127.0.0.1 /admin.php/
INFO: [ app_init ] --START--
INFO: Run Behavior\BuildLiteBehavior [ RunTime:0.000000s ]
INFO: [ app_init ] --END-- [ RunTime:0.000000s ]
INFO: [ app_begin ] --START--
INFO: Run Behavior\ReadHtmlCacheBehavior [ RunTime:0.000000s ]
INFO: [ app_begin ] --END-- [ RunTime:0.000000s ]

[ 2017-04-12T14:28:17+08:00 ] 127.0.0.1 /admin.php
INFO: [ app_init ] --START--
INFO: Run Behavior\BuildLiteBehavior [ RunTime:0.000000s ]
INFO: [ app_init ] --END-- [ RunTime:0.000000s ]
INFO: [ app_begin ] --START--
INFO: Run Behavior\ReadHtmlCacheBehavior [ RunTime:0.000000s ]
INFO: [ app_begin ] --END-- [ RunTime:0.000000s ]

[ 2017-04-12T14:28:18+08:00 ] 127.0.0.1 /admin.php
INFO: [ app_init ] --START--
INFO: Run Behavior\BuildLiteBehavior [ RunTime:0.000000s ]
INFO: [ app_init ] --END-- [ RunTime:0.000000s ]
INFO: [ app_begin ] --START--
INFO: Run Behavior\ReadHtmlCacheBehavior [ RunTime:0.001000s ]
INFO: [ app_begin ] --END-- [ RunTime:0.001000s ]

[ 2017-04-12T14:28:48+08:00 ] 127.0.0.1 /admin.php
INFO: [ app_init ] --START--
INFO: Run Behavior\BuildLiteBehavior [ RunTime:0.000000s ]
INFO: [ app_init ] --END-- [ RunTime:0.000000s ]
INFO: [ app_begin ] --START--
INFO: Run Behavior\ReadHtmlCacheBehavior [ RunTime:0.000000s ]
INFO: [ app_begin ] --END-- [ RunTime:0.000000s ]

[ 2017-04-12T14:28:49+08:00 ] 127.0.0.1 /admin.php
INFO: [ app_init ] --START--
INFO: Run Behavior\BuildLiteBehavior [ RunTime:0.000000s ]
INFO: [ app_init ] --END-- [ RunTime:0.001000s ]
INFO: [ app_begin ] --START--
INFO: Run Behavior\ReadHtmlCacheBehavior [ RunTime:0.001000s ]
INFO: [ app_begin ] --END-- [ RunTime:0.001000s ]

[ 2017-04-12T14:28:50+08:00 ] 127.0.0.1 /admin.php/Admin/Login/login
INFO: [ app_init ] --START--
INFO: Run Behavior\BuildLiteBehavior [ RunTime:0.000000s ]
INFO: [ app_init ] --END-- [ RunTime:0.000000s ]
INFO: [ app_begin ] --START--
INFO: Run Behavior\ReadHtmlCacheBehavior [ RunTime:0.001000s ]
INFO: [ app_begin ] --END-- [ RunTime:0.001000s ]
ERR: 无法加载控制器:Admin

[ 2017-04-12T14:28:58+08:00 ] 127.0.0.1 /admin.php/Admin/Login/login
INFO: [ app_init ] --START--
INFO: Run Behavior\BuildLiteBehavior [ RunTime:0.000000s ]
INFO: [ app_init ] --END-- [ RunTime:0.000000s ]
INFO: [ app_begin ] --START--
INFO: Run Behavior\ReadHtmlCacheBehavior [ RunTime:0.002000s ]
INFO: [ app_begin ] --END-- [ RunTime:0.002000s ]
ERR: 无法加载控制器:Admin

[ 2017-04-12T14:29:01+08:00 ] 127.0.0.1 /admin.php
INFO: [ app_init ] --START--
INFO: Run Behavior\BuildLiteBehavior [ RunTime:0.000000s ]
INFO: [ app_init ] --END-- [ RunTime:0.001000s ]
INFO: [ app_begin ] --START--
INFO: Run Behavior\ReadHtmlCacheBehavior [ RunTime:0.001000s ]
INFO: [ app_begin ] --END-- [ RunTime:0.001000s ]

[ 2017-04-12T14:29:02+08:00 ] 127.0.0.1 /admin.php/Login/login
INFO: [ app_init ] --START--
INFO: Run Behavior\BuildLiteBehavior [ RunTime:0.000000s ]
INFO: [ app_init ] --END-- [ RunTime:0.000000s ]
INFO: [ app_begin ] --START--
INFO: Run Behavior\ReadHtmlCacheBehavior [ RunTime:0.001000s ]
INFO: [ app_begin ] --END-- [ RunTime:0.001000s ]
INFO: [ view_parse ] --START--
INFO: [ template_filter ] --START--
INFO: Run Behavior\ContentReplaceBehavior [ RunTime:0.000000s ]
INFO: [ template_filter ] --END-- [ RunTime:0.000000s ]
INFO: Run Behavior\ParseTemplateBehavior [ RunTime:0.010001s ]
INFO: [ view_parse ] --END-- [ RunTime:0.010001s ]
INFO: [ view_filter ] --START--
INFO: Run Behavior\WriteHtmlCacheBehavior [ RunTime:0.001000s ]
INFO: [ view_filter ] --END-- [ RunTime:0.001000s ]
INFO: [ app_end ] --START--
INFO: Run Behavior\ShowPageTraceBehavior [ RunTime:0.001000s ]
INFO: [ app_end ] --END-- [ RunTime:0.001000s ]

[ 2017-04-12T14:30:23+08:00 ] 127.0.0.1 /admin.php/Login/login
INFO: [ app_init ] --START--
INFO: Run Behavior\BuildLiteBehavior [ RunTime:0.000000s ]
INFO: [ app_init ] --END-- [ RunTime:0.000000s ]
INFO: [ app_begin ] --START--
INFO: Run Behavior\ReadHtmlCacheBehavior [ RunTime:0.001000s ]
INFO: [ app_begin ] --END-- [ RunTime:0.001000s ]
INFO: [ view_parse ] --START--
INFO: [ template_filter ] --START--
INFO: Run Behavior\ContentReplaceBehavior [ RunTime:0.000000s ]
INFO: [ template_filter ] --END-- [ RunTime:0.000000s ]
INFO: Run Behavior\ParseTemplateBehavior [ RunTime:0.008001s ]
INFO: [ view_parse ] --END-- [ RunTime:0.008001s ]
INFO: [ view_filter ] --START--
INFO: Run Behavior\WriteHtmlCacheBehavior [ RunTime:0.001000s ]
INFO: [ view_filter ] --END-- [ RunTime:0.001000s ]
INFO: [ app_end ] --START--
INFO: Run Behavior\ShowPageTraceBehavior [ RunTime:0.001000s ]
INFO: [ app_end ] --END-- [ RunTime:0.001000s ]

[ 2017-04-12T14:30:25+08:00 ] 127.0.0.1 /admin.php/Admin/Login/login
INFO: [ app_init ] --START--
INFO: Run Behavior\BuildLiteBehavior [ RunTime:0.000000s ]
INFO: [ app_init ] --END-- [ RunTime:0.001000s ]
INFO: [ app_begin ] --START--
INFO: Run Behavior\ReadHtmlCacheBehavior [ RunTime:0.001000s ]
INFO: [ app_begin ] --END-- [ RunTime:0.002000s ]
ERR: 无法加载控制器:Admin

[ 2017-04-12T14:30:27+08:00 ] 127.0.0.1 /Admin/Login/login
INFO: [ app_init ] --START--
INFO: Run Behavior\BuildLiteBehavior [ RunTime:0.000000s ]
INFO: [ app_init ] --END-- [ RunTime:0.000000s ]
INFO: [ app_begin ] --START--
INFO: Run Behavior\ReadHtmlCacheBehavior [ RunTime:0.000000s ]
INFO: [ app_begin ] --END-- [ RunTime:0.000000s ]
INFO: [ view_parse ] --START--
INFO: [ template_filter ] --START--
INFO: Run Behavior\ContentReplaceBehavior [ RunTime:0.000000s ]
INFO: [ template_filter ] --END-- [ RunTime:0.001000s ]
INFO: Run Behavior\ParseTemplateBehavior [ RunTime:0.009001s ]
INFO: [ view_parse ] --END-- [ RunTime:0.009001s ]
INFO: [ view_filter ] --START--
INFO: Run Behavior\WriteHtmlCacheBehavior [ RunTime:0.000000s ]
INFO: [ view_filter ] --END-- [ RunTime:0.000000s ]
INFO: [ app_end ] --START--
INFO: Run Behavior\ShowPageTraceBehavior [ RunTime:0.000000s ]
INFO: [ app_end ] --END-- [ RunTime:0.000000s ]

[ 2017-04-12T14:30:27+08:00 ] 127.0.0.1 /Admin/Login/login
INFO: [ app_init ] --START--
INFO: Run Behavior\BuildLiteBehavior [ RunTime:0.000000s ]
INFO: [ app_init ] --END-- [ RunTime:0.000000s ]
INFO: [ app_begin ] --START--
INFO: Run Behavior\ReadHtmlCacheBehavior [ RunTime:0.001000s ]
INFO: [ app_begin ] --END-- [ RunTime:0.001000s ]
INFO: [ view_parse ] --START--
INFO: [ template_filter ] --START--
INFO: Run Behavior\ContentReplaceBehavior [ RunTime:0.000000s ]
INFO: [ template_filter ] --END-- [ RunTime:0.000000s ]
INFO: Run Behavior\ParseTemplateBehavior [ RunTime:0.009001s ]
INFO: [ view_parse ] --END-- [ RunTime:0.009001s ]
INFO: [ view_filter ] --START--
INFO: Run Behavior\WriteHtmlCacheBehavior [ RunTime:0.000000s ]
INFO: [ view_filter ] --END-- [ RunTime:0.000000s ]
INFO: [ app_end ] --START--
INFO: Run Behavior\ShowPageTraceBehavior [ RunTime:0.001000s ]
INFO: [ app_end ] --END-- [ RunTime:0.001000s ]

[ 2017-04-12T14:30:40+08:00 ] 127.0.0.1 /admin.php
INFO: [ app_init ] --START--
INFO: Run Behavior\BuildLiteBehavior [ RunTime:0.000000s ]
INFO: [ app_init ] --END-- [ RunTime:0.000000s ]
INFO: [ app_begin ] --START--
INFO: Run Behavior\ReadHtmlCacheBehavior [ RunTime:0.000000s ]
INFO: [ app_begin ] --END-- [ RunTime:0.000000s ]

[ 2017-04-12T14:30:40+08:00 ] 127.0.0.1 /admin.php
INFO: [ app_init ] --START--
INFO: Run Behavior\BuildLiteBehavior [ RunTime:0.000000s ]
INFO: [ app_init ] --END-- [ RunTime:0.000000s ]
INFO: [ app_begin ] --START--
INFO: Run Behavior\ReadHtmlCacheBehavior [ RunTime:0.001000s ]
INFO: [ app_begin ] --END-- [ RunTime:0.001000s ]

[ 2017-04-12T14:30:41+08:00 ] 127.0.0.1 /Admin/Login/login
INFO: [ app_init ] --START--
INFO: Run Behavior\BuildLiteBehavior [ RunTime:0.000000s ]
INFO: [ app_init ] --END-- [ RunTime:0.000000s ]
INFO: [ app_begin ] --START--
INFO: Run Behavior\ReadHtmlCacheBehavior [ RunTime:0.001000s ]
INFO: [ app_begin ] --END-- [ RunTime:0.001000s ]
INFO: [ view_parse ] --START--
INFO: [ template_filter ] --START--
INFO: Run Behavior\ContentReplaceBehavior [ RunTime:0.000000s ]
INFO: [ template_filter ] --END-- [ RunTime:0.000000s ]
INFO: Run Behavior\ParseTemplateBehavior [ RunTime:0.009000s ]
INFO: [ view_parse ] --END-- [ RunTime:0.009000s ]
INFO: [ view_filter ] --START--
INFO: Run Behavior\WriteHtmlCacheBehavior [ RunTime:0.000000s ]
INFO: [ view_filter ] --END-- [ RunTime:0.000000s ]
INFO: [ app_end ] --START--
INFO: Run Behavior\ShowPageTraceBehavior [ RunTime:0.001000s ]
INFO: [ app_end ] --END-- [ RunTime:0.001000s ]

[ 2017-04-12T14:30:46+08:00 ] 127.0.0.1 /Admin/Login/login
INFO: [ app_init ] --START--
INFO: Run Behavior\BuildLiteBehavior [ RunTime:0.000000s ]
INFO: [ app_init ] --END-- [ RunTime:0.000000s ]
INFO: [ app_begin ] --START--
INFO: Run Behavior\ReadHtmlCacheBehavior [ RunTime:0.001000s ]
INFO: [ app_begin ] --END-- [ RunTime:0.001000s ]
SQL: SHOW COLUMNS FROM `think_admin` [ RunTime:0.0100s ]
SQL: SELECT * FROM `think_admin` WHERE `username` = 'jellen' AND `password` = 'd2cda6a7ff06e1eba9d7f447cf498dc4' LIMIT 1   [ RunTime:0.0000s ]
SQL: UPDATE `think_admin` SET `lastlogintime`='1491978646',`lastloginip`='127.0.0.1' WHERE ( id=2 ) [ RunTime:0.0020s ]

[ 2017-04-12T14:30:47+08:00 ] 127.0.0.1 /Admin/Index/index
INFO: [ app_init ] --START--
INFO: Run Behavior\BuildLiteBehavior [ RunTime:0.000000s ]
INFO: [ app_init ] --END-- [ RunTime:0.001000s ]
INFO: [ app_begin ] --START--
INFO: Run Behavior\ReadHtmlCacheBehavior [ RunTime:0.001000s ]
INFO: [ app_begin ] --END-- [ RunTime:0.001000s ]
NOTIC: [2048] Declaration of Admin\Model\MenuModel::add() should be compatible with Think\Model::add($data = '', $options = Array, $replace = false) C:\www\thinkphp1\App\Admin\Model\MenuModel.class.php 第 5 行.
SQL: SHOW COLUMNS FROM `think_menu` [ RunTime:0.0070s ]
SQL: SELECT * FROM `think_menu` WHERE `status` = 1 AND `type` = 2 ORDER BY `status`,`order` desc  [ RunTime:0.0010s ]
INFO: [ view_parse ] --START--
INFO: [ template_filter ] --START--
INFO: Run Behavior\ContentReplaceBehavior [ RunTime:0.000000s ]
INFO: [ template_filter ] --END-- [ RunTime:0.000000s ]
INFO: Run Behavior\ParseTemplateBehavior [ RunTime:0.012000s ]
INFO: [ view_parse ] --END-- [ RunTime:0.012000s ]
INFO: [ view_filter ] --START--
INFO: Run Behavior\WriteHtmlCacheBehavior [ RunTime:0.001000s ]
INFO: [ view_filter ] --END-- [ RunTime:0.001000s ]
INFO: [ app_end ] --START--
INFO: Run Behavior\ShowPageTraceBehavior [ RunTime:0.001000s ]
INFO: [ app_end ] --END-- [ RunTime:0.001000s ]

[ 2017-04-12T14:31:00+08:00 ] 127.0.0.1 /Admin/Menu/index
INFO: [ app_init ] --START--
INFO: Run Behavior\BuildLiteBehavior [ RunTime:0.000000s ]
INFO: [ app_init ] --END-- [ RunTime:0.001000s ]
INFO: [ app_begin ] --START--
INFO: Run Behavior\ReadHtmlCacheBehavior [ RunTime:0.001000s ]
INFO: [ app_begin ] --END-- [ RunTime:0.001000s ]
NOTIC: [2048] Declaration of Admin\Model\MenuModel::add() should be compatible with Think\Model::add($data = '', $options = Array, $replace = false) C:\www\thinkphp1\App\Admin\Model\MenuModel.class.php 第 5 行.
SQL: SHOW COLUMNS FROM `think_menu` [ RunTime:0.0110s ]
SQL: SELECT * FROM `think_menu` WHERE `status` = 1 AND `type` = 2 ORDER BY `status`,`order` desc  [ RunTime:0.0010s ]
SQL: SELECT * FROM `think_menu` ORDER BY `status`,`order` desc  [ RunTime:0.0000s ]
SQL: SELECT * FROM `think_menu` ORDER BY `status`,`order` desc LIMIT 0,20   [ RunTime:0.0000s ]
INFO: [ view_parse ] --START--
INFO: [ template_filter ] --START--
INFO: Run Behavior\ContentReplaceBehavior [ RunTime:0.000000s ]
INFO: [ template_filter ] --END-- [ RunTime:0.000000s ]
NOTIC: [8] Undefined index: type C:\www\thinkphp1\App\Runtime\Cache\Admin\5a1d71dcf039f1b3725a8d8d96ae9d91.php 第 67 行.
NOTIC: [8] Undefined index: type C:\www\thinkphp1\App\Runtime\Cache\Admin\5a1d71dcf039f1b3725a8d8d96ae9d91.php 第 68 行.
NOTIC: [8] Undefined index: type C:\www\thinkphp1\App\Runtime\Cache\Admin\5a1d71dcf039f1b3725a8d8d96ae9d91.php 第 69 行.
INFO: Run Behavior\ParseTemplateBehavior [ RunTime:0.015000s ]
INFO: [ view_parse ] --END-- [ RunTime:0.015000s ]
INFO: [ view_filter ] --START--
INFO: Run Behavior\WriteHtmlCacheBehavior [ RunTime:0.001001s ]
INFO: [ view_filter ] --END-- [ RunTime:0.001001s ]
INFO: [ app_end ] --START--
INFO: Run Behavior\ShowPageTraceBehavior [ RunTime:0.001000s ]
INFO: [ app_end ] --END-- [ RunTime:0.001000s ]

[ 2017-04-12T14:31:01+08:00 ] 127.0.0.1 /Admin/Recommend/index
INFO: [ app_init ] --START--
INFO: Run Behavior\BuildLiteBehavior [ RunTime:0.000000s ]
INFO: [ app_init ] --END-- [ RunTime:0.001000s ]
INFO: [ app_begin ] --START--
INFO: Run Behavior\ReadHtmlCacheBehavior [ RunTime:0.000000s ]
INFO: [ app_begin ] --END-- [ RunTime:0.000000s ]
NOTIC: [2048] Declaration of Admin\Model\MenuModel::add() should be compatible with Think\Model::add($data = '', $options = Array, $replace = false) C:\www\thinkphp1\App\Admin\Model\MenuModel.class.php 第 5 行.
SQL: SHOW COLUMNS FROM `think_menu` [ RunTime:0.0110s ]
SQL: SELECT * FROM `think_menu` WHERE `status` = 1 AND `type` = 2 ORDER BY `status`,`order` desc  [ RunTime:0.0000s ]
SQL: SHOW COLUMNS FROM `think_recommend` [ RunTime:0.0110s ]
SQL: SELECT * FROM `think_recommend` ORDER BY `id`  [ RunTime:0.0000s ]
INFO: [ view_parse ] --START--
INFO: [ template_filter ] --START--
INFO: Run Behavior\ContentReplaceBehavior [ RunTime:0.000000s ]
INFO: [ template_filter ] --END-- [ RunTime:0.000000s ]
INFO: Run Behavior\ParseTemplateBehavior [ RunTime:0.012001s ]
INFO: [ view_parse ] --END-- [ RunTime:0.012001s ]
INFO: [ view_filter ] --START--
INFO: Run Behavior\WriteHtmlCacheBehavior [ RunTime:0.001000s ]
INFO: [ view_filter ] --END-- [ RunTime:0.001000s ]
INFO: [ app_end ] --START--
INFO: Run Behavior\ShowPageTraceBehavior [ RunTime:0.001000s ]
INFO: [ app_end ] --END-- [ RunTime:0.001000s ]

[ 2017-04-12T14:31:01+08:00 ] 127.0.0.1 /Admin/article/index
INFO: [ app_init ] --START--
INFO: Run Behavior\BuildLiteBehavior [ RunTime:0.000000s ]
INFO: [ app_init ] --END-- [ RunTime:0.000000s ]
INFO: [ app_begin ] --START--
INFO: Run Behavior\ReadHtmlCacheBehavior [ RunTime:0.001000s ]
INFO: [ app_begin ] --END-- [ RunTime:0.001000s ]
NOTIC: [2048] Declaration of Admin\Model\MenuModel::add() should be compatible with Think\Model::add($data = '', $options = Array, $replace = false) C:\www\thinkphp1\App\Admin\Model\MenuModel.class.php 第 5 行.
SQL: SHOW COLUMNS FROM `think_menu` [ RunTime:0.0050s ]
SQL: SELECT * FROM `think_menu` WHERE `status` = 1 AND `type` = 2 ORDER BY `status`,`order` desc  [ RunTime:0.0010s ]
SQL: SHOW COLUMNS FROM `think_recommend` [ RunTime:0.0070s ]
SQL: SELECT * FROM `think_recommend` ORDER BY `id`  [ RunTime:0.0000s ]
SQL: SHOW COLUMNS FROM `think_article` [ RunTime:0.0070s ]
NOTIC: [2] Invalid argument supplied for foreach() C:\www\thinkphp1\ThinkPHP\Library\Think\Db\Driver.class.php 第 504 行.
SQL: SELECT * FROM `think_article`  [ RunTime:0.0000s ]
SQL: SELECT * FROM `think_article` LIMIT 0,25   [ RunTime:0.0010s ]
SQL: SHOW COLUMNS FROM `think_type` [ RunTime:0.0080s ]
SQL: SELECT * FROM `think_type`  [ RunTime:0.0000s ]
INFO: [ view_parse ] --START--
INFO: [ template_filter ] --START--
INFO: Run Behavior\ContentReplaceBehavior [ RunTime:0.000000s ]
INFO: [ template_filter ] --END-- [ RunTime:0.000000s ]
INFO: Run Behavior\ParseTemplateBehavior [ RunTime:0.013000s ]
INFO: [ view_parse ] --END-- [ RunTime:0.013000s ]
INFO: [ view_filter ] --START--
INFO: Run Behavior\WriteHtmlCacheBehavior [ RunTime:0.000000s ]
INFO: [ view_filter ] --END-- [ RunTime:0.000000s ]
INFO: [ app_end ] --START--
INFO: Run Behavior\ShowPageTraceBehavior [ RunTime:0.001001s ]
INFO: [ app_end ] --END-- [ RunTime:0.001001s ]

[ 2017-04-12T14:31:01+08:00 ] 127.0.0.1 /Admin/Type/index
INFO: [ app_init ] --START--
INFO: Run Behavior\BuildLiteBehavior [ RunTime:0.000000s ]
INFO: [ app_init ] --END-- [ RunTime:0.000000s ]
INFO: [ app_begin ] --START--
INFO: Run Behavior\ReadHtmlCacheBehavior [ RunTime:0.001000s ]
INFO: [ app_begin ] --END-- [ RunTime:0.001000s ]
NOTIC: [2048] Declaration of Admin\Model\MenuModel::add() should be compatible with Think\Model::add($data = '', $options = Array, $replace = false) C:\www\thinkphp1\App\Admin\Model\MenuModel.class.php 第 5 行.
SQL: SHOW COLUMNS FROM `think_menu` [ RunTime:0.0110s ]
SQL: SELECT * FROM `think_menu` WHERE `status` = 1 AND `type` = 2 ORDER BY `status`,`order` desc  [ RunTime:0.0010s ]
SQL: SHOW COLUMNS FROM `think_navigation` [ RunTime:0.0120s ]
SQL: SELECT * FROM `think_navigation`  [ RunTime:0.0000s ]
SQL: SHOW COLUMNS FROM `think_type` [ RunTime:0.0120s ]
SQL: SELECT * FROM `think_type`  [ RunTime:0.0010s ]
INFO: [ view_parse ] --START--
INFO: [ template_filter ] --START--
INFO: Run Behavior\ContentReplaceBehavior [ RunTime:0.000000s ]
INFO: [ template_filter ] --END-- [ RunTime:0.000000s ]
INFO: Run Behavior\ParseTemplateBehavior [ RunTime:0.013001s ]
INFO: [ view_parse ] --END-- [ RunTime:0.013001s ]
INFO: [ view_filter ] --START--
INFO: Run Behavior\WriteHtmlCacheBehavior [ RunTime:0.000000s ]
INFO: [ view_filter ] --END-- [ RunTime:0.000000s ]
INFO: [ app_end ] --START--
INFO: Run Behavior\ShowPageTraceBehavior [ RunTime:0.001000s ]
INFO: [ app_end ] --END-- [ RunTime:0.001000s ]

[ 2017-04-12T14:31:20+08:00 ] 127.0.0.1 /Admin/article/index
INFO: [ app_init ] --START--
INFO: Run Behavior\BuildLiteBehavior [ RunTime:0.000000s ]
INFO: [ app_init ] --END-- [ RunTime:0.000000s ]
INFO: [ app_begin ] --START--
INFO: Run Behavior\ReadHtmlCacheBehavior [ RunTime:0.001000s ]
INFO: [ app_begin ] --END-- [ RunTime:0.001000s ]
NOTIC: [2048] Declaration of Admin\Model\MenuModel::add() should be compatible with Think\Model::add($data = '', $options = Array, $replace = false) C:\www\thinkphp1\App\Admin\Model\MenuModel.class.php 第 5 行.
SQL: SHOW COLUMNS FROM `think_menu` [ RunTime:0.0100s ]
SQL: SELECT * FROM `think_menu` WHERE `status` = 1 AND `type` = 2 ORDER BY `status`,`order` desc  [ RunTime:0.0010s ]
SQL: SHOW COLUMNS FROM `think_recommend` [ RunTime:0.0110s ]
SQL: SELECT * FROM `think_recommend` ORDER BY `id`  [ RunTime:0.0010s ]
SQL: SHOW COLUMNS FROM `think_article` [ RunTime:0.0120s ]
NOTIC: [2] Invalid argument supplied for foreach() C:\www\thinkphp1\ThinkPHP\Library\Think\Db\Driver.class.php 第 504 行.
SQL: SELECT * FROM `think_article`  [ RunTime:0.0000s ]
SQL: SELECT * FROM `think_article` LIMIT 0,25   [ RunTime:0.0000s ]
SQL: SHOW COLUMNS FROM `think_type` [ RunTime:0.0100s ]
SQL: SELECT * FROM `think_type`  [ RunTime:0.0000s ]
INFO: [ view_parse ] --START--
INFO: [ template_filter ] --START--
INFO: Run Behavior\ContentReplaceBehavior [ RunTime:0.000000s ]
INFO: [ template_filter ] --END-- [ RunTime:0.000000s ]
INFO: Run Behavior\ParseTemplateBehavior [ RunTime:0.014001s ]
INFO: [ view_parse ] --END-- [ RunTime:0.014001s ]
INFO: [ view_filter ] --START--
INFO: Run Behavior\WriteHtmlCacheBehavior [ RunTime:0.000000s ]
INFO: [ view_filter ] --END-- [ RunTime:0.000000s ]
INFO: [ app_end ] --START--
INFO: Run Behavior\ShowPageTraceBehavior [ RunTime:0.001000s ]
INFO: [ app_end ] --END-- [ RunTime:0.001000s ]

[ 2017-04-12T14:43:54+08:00 ] 127.0.0.1 /admin.php
INFO: [ app_init ] --START--
INFO: Run Behavior\BuildLiteBehavior [ RunTime:0.000000s ]
INFO: [ app_init ] --END-- [ RunTime:0.000000s ]
INFO: [ app_begin ] --START--
INFO: Run Behavior\ReadHtmlCacheBehavior [ RunTime:0.000000s ]
INFO: [ app_begin ] --END-- [ RunTime:0.000000s ]
NOTIC: [2048] Declaration of Admin\Model\MenuModel::add() should be compatible with Think\Model::add($data = '', $options = Array, $replace = false) C:\www\thinkphp1\App\Admin\Model\MenuModel.class.php 第 5 行.
SQL: SHOW COLUMNS FROM `think_menu` [ RunTime:0.0090s ]
SQL: SELECT * FROM `think_menu` WHERE `status` = 1 AND `type` = 2 ORDER BY `status`,`order` desc  [ RunTime:0.0000s ]
INFO: [ view_parse ] --START--
INFO: [ template_filter ] --START--
INFO: Run Behavior\ContentReplaceBehavior [ RunTime:0.001000s ]
INFO: [ template_filter ] --END-- [ RunTime:0.001000s ]
INFO: Run Behavior\ParseTemplateBehavior [ RunTime:0.010001s ]
INFO: [ view_parse ] --END-- [ RunTime:0.010001s ]
INFO: [ view_filter ] --START--
INFO: Run Behavior\WriteHtmlCacheBehavior [ RunTime:0.001000s ]
INFO: [ view_filter ] --END-- [ RunTime:0.001000s ]
INFO: [ app_end ] --START--
INFO: Run Behavior\ShowPageTraceBehavior [ RunTime:0.000000s ]
INFO: [ app_end ] --END-- [ RunTime:0.000000s ]

[ 2017-04-12T14:43:55+08:00 ] 127.0.0.1 /Admin/Menu/index
INFO: [ app_init ] --START--
INFO: Run Behavior\BuildLiteBehavior [ RunTime:0.000000s ]
INFO: [ app_init ] --END-- [ RunTime:0.000000s ]
INFO: [ app_begin ] --START--
INFO: Run Behavior\ReadHtmlCacheBehavior [ RunTime:0.001000s ]
INFO: [ app_begin ] --END-- [ RunTime:0.001000s ]
NOTIC: [2048] Declaration of Admin\Model\MenuModel::add() should be compatible with Think\Model::add($data = '', $options = Array, $replace = false) C:\www\thinkphp1\App\Admin\Model\MenuModel.class.php 第 5 行.
SQL: SHOW COLUMNS FROM `think_menu` [ RunTime:0.0090s ]
SQL: SELECT * FROM `think_menu` WHERE `status` = 1 AND `type` = 2 ORDER BY `status`,`order` desc  [ RunTime:0.0000s ]
SQL: SELECT * FROM `think_menu` ORDER BY `status`,`order` desc  [ RunTime:0.0000s ]
SQL: SELECT * FROM `think_menu` ORDER BY `status`,`order` desc LIMIT 0,20   [ RunTime:0.0000s ]
INFO: [ view_parse ] --START--
INFO: [ template_filter ] --START--
INFO: Run Behavior\ContentReplaceBehavior [ RunTime:0.000000s ]
INFO: [ template_filter ] --END-- [ RunTime:0.000000s ]
NOTIC: [8] Undefined index: type C:\www\thinkphp1\App\Runtime\Cache\Admin\5a1d71dcf039f1b3725a8d8d96ae9d91.php 第 67 行.
NOTIC: [8] Undefined index: type C:\www\thinkphp1\App\Runtime\Cache\Admin\5a1d71dcf039f1b3725a8d8d96ae9d91.php 第 68 行.
NOTIC: [8] Undefined index: type C:\www\thinkphp1\App\Runtime\Cache\Admin\5a1d71dcf039f1b3725a8d8d96ae9d91.php 第 69 行.
INFO: Run Behavior\ParseTemplateBehavior [ RunTime:0.012001s ]
INFO: [ view_parse ] --END-- [ RunTime:0.012001s ]
INFO: [ view_filter ] --START--
INFO: Run Behavior\WriteHtmlCacheBehavior [ RunTime:0.001000s ]
INFO: [ view_filter ] --END-- [ RunTime:0.001000s ]
INFO: [ app_end ] --START--
INFO: Run Behavior\ShowPageTraceBehavior [ RunTime:0.000000s ]
INFO: [ app_end ] --END-- [ RunTime:0.000000s ]

[ 2017-04-12T14:43:56+08:00 ] 127.0.0.1 /Admin/Recommend/index
INFO: [ app_init ] --START--
INFO: Run Behavior\BuildLiteBehavior [ RunTime:0.000000s ]
INFO: [ app_init ] --END-- [ RunTime:0.000000s ]
INFO: [ app_begin ] --START--
INFO: Run Behavior\ReadHtmlCacheBehavior [ RunTime:0.000000s ]
INFO: [ app_begin ] --END-- [ RunTime:0.000000s ]
NOTIC: [2048] Declaration of Admin\Model\MenuModel::add() should be compatible with Think\Model::add($data = '', $options = Array, $replace = false) C:\www\thinkphp1\App\Admin\Model\MenuModel.class.php 第 5 行.
SQL: SHOW COLUMNS FROM `think_menu` [ RunTime:0.0100s ]
SQL: SELECT * FROM `think_menu` WHERE `status` = 1 AND `type` = 2 ORDER BY `status`,`order` desc  [ RunTime:0.0010s ]
SQL: SHOW COLUMNS FROM `think_recommend` [ RunTime:0.0110s ]
SQL: SELECT * FROM `think_recommend` ORDER BY `id`  [ RunTime:0.0000s ]
INFO: [ view_parse ] --START--
INFO: [ template_filter ] --START--
INFO: Run Behavior\ContentReplaceBehavior [ RunTime:0.000000s ]
INFO: [ template_filter ] --END-- [ RunTime:0.000000s ]
INFO: Run Behavior\ParseTemplateBehavior [ RunTime:0.012000s ]
INFO: [ view_parse ] --END-- [ RunTime:0.012000s ]
INFO: [ view_filter ] --START--
INFO: Run Behavior\WriteHtmlCacheBehavior [ RunTime:0.001000s ]
INFO: [ view_filter ] --END-- [ RunTime:0.001000s ]
INFO: [ app_end ] --START--
INFO: Run Behavior\ShowPageTraceBehavior [ RunTime:0.000000s ]
INFO: [ app_end ] --END-- [ RunTime:0.000000s ]

[ 2017-04-12T14:43:56+08:00 ] 127.0.0.1 /Admin/article/index
INFO: [ app_init ] --START--
INFO: Run Behavior\BuildLiteBehavior [ RunTime:0.000000s ]
INFO: [ app_init ] --END-- [ RunTime:0.000000s ]
INFO: [ app_begin ] --START--
INFO: Run Behavior\ReadHtmlCacheBehavior [ RunTime:0.000000s ]
INFO: [ app_begin ] --END-- [ RunTime:0.001000s ]
NOTIC: [2048] Declaration of Admin\Model\MenuModel::add() should be compatible with Think\Model::add($data = '', $options = Array, $replace = false) C:\www\thinkphp1\App\Admin\Model\MenuModel.class.php 第 5 行.
SQL: SHOW COLUMNS FROM `think_menu` [ RunTime:0.0030s ]
SQL: SELECT * FROM `think_menu` WHERE `status` = 1 AND `type` = 2 ORDER BY `status`,`order` desc  [ RunTime:0.0010s ]
SQL: SHOW COLUMNS FROM `think_recommend` [ RunTime:0.0020s ]
SQL: SELECT * FROM `think_recommend` ORDER BY `id`  [ RunTime:0.0010s ]
SQL: SHOW COLUMNS FROM `think_article` [ RunTime:0.0030s ]
NOTIC: [2] Invalid argument supplied for foreach() C:\www\thinkphp1\ThinkPHP\Library\Think\Db\Driver.class.php 第 504 行.
SQL: SELECT * FROM `think_article`  [ RunTime:0.0010s ]
SQL: SELECT * FROM `think_article` LIMIT 0,25   [ RunTime:0.0000s ]
SQL: SHOW COLUMNS FROM `think_type` [ RunTime:0.0030s ]
SQL: SELECT * FROM `think_type`  [ RunTime:0.0010s ]
INFO: [ view_parse ] --START--
INFO: [ template_filter ] --START--
INFO: Run Behavior\ContentReplaceBehavior [ RunTime:0.000000s ]
INFO: [ template_filter ] --END-- [ RunTime:0.000000s ]
INFO: Run Behavior\ParseTemplateBehavior [ RunTime:0.013000s ]
INFO: [ view_parse ] --END-- [ RunTime:0.013000s ]
INFO: [ view_filter ] --START--
INFO: Run Behavior\WriteHtmlCacheBehavior [ RunTime:0.000000s ]
INFO: [ view_filter ] --END-- [ RunTime:0.000000s ]
INFO: [ app_end ] --START--
INFO: Run Behavior\ShowPageTraceBehavior [ RunTime:0.001000s ]
INFO: [ app_end ] --END-- [ RunTime:0.001000s ]

[ 2017-04-12T14:43:57+08:00 ] 127.0.0.1 /Admin/Type/index
INFO: [ app_init ] --START--
INFO: Run Behavior\BuildLiteBehavior [ RunTime:0.000000s ]
INFO: [ app_init ] --END-- [ RunTime:0.000000s ]
INFO: [ app_begin ] --START--
INFO: Run Behavior\ReadHtmlCacheBehavior [ RunTime:0.001000s ]
INFO: [ app_begin ] --END-- [ RunTime:0.001000s ]
NOTIC: [2048] Declaration of Admin\Model\MenuModel::add() should be compatible with Think\Model::add($data = '', $options = Array, $replace = false) C:\www\thinkphp1\App\Admin\Model\MenuModel.class.php 第 5 行.
SQL: SHOW COLUMNS FROM `think_menu` [ RunTime:0.0100s ]
SQL: SELECT * FROM `think_menu` WHERE `status` = 1 AND `type` = 2 ORDER BY `status`,`order` desc  [ RunTime:0.0000s ]
SQL: SHOW COLUMNS FROM `think_navigation` [ RunTime:0.0120s ]
SQL: SELECT * FROM `think_navigation`  [ RunTime:0.0000s ]
SQL: SHOW COLUMNS FROM `think_type` [ RunTime:0.0120s ]
SQL: SELECT * FROM `think_type`  [ RunTime:0.0000s ]
INFO: [ view_parse ] --START--
INFO: [ template_filter ] --START--
INFO: Run Behavior\ContentReplaceBehavior [ RunTime:0.000000s ]
INFO: [ template_filter ] --END-- [ RunTime:0.000000s ]
INFO: Run Behavior\ParseTemplateBehavior [ RunTime:0.015001s ]
INFO: [ view_parse ] --END-- [ RunTime:0.015001s ]
INFO: [ view_filter ] --START--
INFO: Run Behavior\WriteHtmlCacheBehavior [ RunTime:0.001000s ]
INFO: [ view_filter ] --END-- [ RunTime:0.001000s ]
INFO: [ app_end ] --START--
INFO: Run Behavior\ShowPageTraceBehavior [ RunTime:0.001000s ]
INFO: [ app_end ] --END-- [ RunTime:0.001000s ]

[ 2017-04-12T14:51:59+08:00 ] 127.0.0.1 /Admin/article/index
INFO: [ app_init ] --START--
INFO: Run Behavior\BuildLiteBehavior [ RunTime:0.000000s ]
INFO: [ app_init ] --END-- [ RunTime:0.001000s ]
INFO: [ app_begin ] --START--
INFO: Run Behavior\ReadHtmlCacheBehavior [ RunTime:0.001000s ]
INFO: [ app_begin ] --END-- [ RunTime:0.001000s ]
NOTIC: [2048] Declaration of Admin\Model\MenuModel::add() should be compatible with Think\Model::add($data = '', $options = Array, $replace = false) C:\www\thinkphp1\App\Admin\Model\MenuModel.class.php 第 5 行.
SQL: SHOW COLUMNS FROM `think_menu` [ RunTime:0.0090s ]
SQL: SELECT * FROM `think_menu` WHERE `status` = 1 AND `type` = 2 ORDER BY `status`,`order` desc  [ RunTime:0.0000s ]
SQL: SHOW COLUMNS FROM `think_recommend` [ RunTime:0.0110s ]
SQL: SELECT * FROM `think_recommend` ORDER BY `id`  [ RunTime:0.0000s ]
SQL: SHOW COLUMNS FROM `think_article` [ RunTime:0.0110s ]
NOTIC: [2] Invalid argument supplied for foreach() C:\www\thinkphp1\ThinkPHP\Library\Think\Db\Driver.class.php 第 504 行.
SQL: SELECT * FROM `think_article`  [ RunTime:0.0010s ]
SQL: SELECT * FROM `think_article` LIMIT 0,25   [ RunTime:0.0000s ]
SQL: SHOW COLUMNS FROM `think_type` [ RunTime:0.0100s ]
SQL: SELECT * FROM `think_type`  [ RunTime:0.0010s ]
INFO: [ view_parse ] --START--
INFO: [ template_filter ] --START--
INFO: Run Behavior\ContentReplaceBehavior [ RunTime:0.000000s ]
INFO: [ template_filter ] --END-- [ RunTime:0.000000s ]
INFO: Run Behavior\ParseTemplateBehavior [ RunTime:0.016001s ]
INFO: [ view_parse ] --END-- [ RunTime:0.016001s ]
INFO: [ view_filter ] --START--
INFO: Run Behavior\WriteHtmlCacheBehavior [ RunTime:0.000000s ]
INFO: [ view_filter ] --END-- [ RunTime:0.000000s ]
INFO: [ app_end ] --START--
INFO: Run Behavior\ShowPageTraceBehavior [ RunTime:0.001000s ]
INFO: [ app_end ] --END-- [ RunTime:0.001000s ]

[ 2017-04-12T14:52:01+08:00 ] 127.0.0.1 /Admin/Article/add
INFO: [ app_init ] --START--
INFO: Run Behavior\BuildLiteBehavior [ RunTime:0.000000s ]
INFO: [ app_init ] --END-- [ RunTime:0.001000s ]
INFO: [ app_begin ] --START--
INFO: Run Behavior\ReadHtmlCacheBehavior [ RunTime:0.001000s ]
INFO: [ app_begin ] --END-- [ RunTime:0.001000s ]
NOTIC: [2048] Declaration of Admin\Model\MenuModel::add() should be compatible with Think\Model::add($data = '', $options = Array, $replace = false) C:\www\thinkphp1\App\Admin\Model\MenuModel.class.php 第 5 行.
SQL: SHOW COLUMNS FROM `think_menu` [ RunTime:0.0090s ]
SQL: SELECT * FROM `think_menu` WHERE `status` = 1 AND `type` = 2 ORDER BY `status`,`order` desc  [ RunTime:0.0010s ]
SQL: SHOW COLUMNS FROM `think_type` [ RunTime:0.0100s ]
SQL: SELECT * FROM `think_type`  [ RunTime:0.0000s ]
INFO: [ view_parse ] --START--
INFO: [ template_filter ] --START--
INFO: Run Behavior\ContentReplaceBehavior [ RunTime:0.000000s ]
INFO: [ template_filter ] --END-- [ RunTime:0.000000s ]
INFO: Run Behavior\ParseTemplateBehavior [ RunTime:0.018001s ]
INFO: [ view_parse ] --END-- [ RunTime:0.018001s ]
INFO: [ view_filter ] --START--
INFO: Run Behavior\WriteHtmlCacheBehavior [ RunTime:0.001000s ]
INFO: [ view_filter ] --END-- [ RunTime:0.001000s ]
INFO: [ app_end ] --START--
INFO: Run Behavior\ShowPageTraceBehavior [ RunTime:0.001000s ]
INFO: [ app_end ] --END-- [ RunTime:0.001000s ]

[ 2017-04-12T14:54:36+08:00 ] 127.0.0.1 /Admin/article/index
INFO: [ app_init ] --START--
INFO: Run Behavior\BuildLiteBehavior [ RunTime:0.000000s ]
INFO: [ app_init ] --END-- [ RunTime:0.001000s ]
INFO: [ app_begin ] --START--
INFO: Run Behavior\ReadHtmlCacheBehavior [ RunTime:0.001000s ]
INFO: [ app_begin ] --END-- [ RunTime:0.001000s ]
NOTIC: [2048] Declaration of Admin\Model\MenuModel::add() should be compatible with Think\Model::add($data = '', $options = Array, $replace = false) C:\www\thinkphp1\App\Admin\Model\MenuModel.class.php 第 5 行.
SQL: SHOW COLUMNS FROM `think_menu` [ RunTime:0.0090s ]
SQL: SELECT * FROM `think_menu` WHERE `status` = 1 AND `type` = 2 ORDER BY `status`,`order` desc  [ RunTime:0.0000s ]
SQL: SHOW COLUMNS FROM `think_recommend` [ RunTime:0.0110s ]
SQL: SELECT * FROM `think_recommend` ORDER BY `id`  [ RunTime:0.0000s ]
SQL: SHOW COLUMNS FROM `think_article` [ RunTime:0.0110s ]
NOTIC: [2] Invalid argument supplied for foreach() C:\www\thinkphp1\ThinkPHP\Library\Think\Db\Driver.class.php 第 504 行.
SQL: SELECT * FROM `think_article`  [ RunTime:0.0000s ]
SQL: SELECT * FROM `think_article` LIMIT 0,25   [ RunTime:0.0000s ]
SQL: SHOW COLUMNS FROM `think_type` [ RunTime:0.0100s ]
SQL: SELECT * FROM `think_type`  [ RunTime:0.0010s ]
INFO: [ view_parse ] --START--
INFO: [ template_filter ] --START--
INFO: Run Behavior\ContentReplaceBehavior [ RunTime:0.000000s ]
INFO: [ template_filter ] --END-- [ RunTime:0.000000s ]
INFO: Run Behavior\ParseTemplateBehavior [ RunTime:0.013001s ]
INFO: [ view_parse ] --END-- [ RunTime:0.013001s ]
INFO: [ view_filter ] --START--
INFO: Run Behavior\WriteHtmlCacheBehavior [ RunTime:0.000000s ]
INFO: [ view_filter ] --END-- [ RunTime:0.000000s ]
INFO: [ app_end ] --START--
INFO: Run Behavior\ShowPageTraceBehavior [ RunTime:0.001000s ]
INFO: [ app_end ] --END-- [ RunTime:0.001000s ]

[ 2017-04-12T14:54:43+08:00 ] 127.0.0.1 /Admin/Type/index
INFO: [ app_init ] --START--
INFO: Run Behavior\BuildLiteBehavior [ RunTime:0.000000s ]
INFO: [ app_init ] --END-- [ RunTime:0.000000s ]
INFO: [ app_begin ] --START--
INFO: Run Behavior\ReadHtmlCacheBehavior [ RunTime:0.001000s ]
INFO: [ app_begin ] --END-- [ RunTime:0.001000s ]
NOTIC: [2048] Declaration of Admin\Model\MenuModel::add() should be compatible with Think\Model::add($data = '', $options = Array, $replace = false) C:\www\thinkphp1\App\Admin\Model\MenuModel.class.php 第 5 行.
SQL: SHOW COLUMNS FROM `think_menu` [ RunTime:0.0090s ]
SQL: SELECT * FROM `think_menu` WHERE `status` = 1 AND `type` = 2 ORDER BY `status`,`order` desc  [ RunTime:0.0000s ]
SQL: SHOW COLUMNS FROM `think_navigation` [ RunTime:0.0110s ]
SQL: SELECT * FROM `think_navigation`  [ RunTime:0.0000s ]
SQL: SHOW COLUMNS FROM `think_type` [ RunTime:0.0110s ]
SQL: SELECT * FROM `think_type`  [ RunTime:0.0000s ]
INFO: [ view_parse ] --START--
INFO: [ template_filter ] --START--
INFO: Run Behavior\ContentReplaceBehavior [ RunTime:0.000000s ]
INFO: [ template_filter ] --END-- [ RunTime:0.000000s ]
INFO: Run Behavior\ParseTemplateBehavior [ RunTime:0.012001s ]
INFO: [ view_parse ] --END-- [ RunTime:0.012001s ]
INFO: [ view_filter ] --START--
INFO: Run Behavior\WriteHtmlCacheBehavior [ RunTime:0.000000s ]
INFO: [ view_filter ] --END-- [ RunTime:0.000000s ]
INFO: [ app_end ] --START--
INFO: Run Behavior\ShowPageTraceBehavior [ RunTime:0.001000s ]
INFO: [ app_end ] --END-- [ RunTime:0.001000s ]

[ 2017-04-12T14:55:08+08:00 ] 127.0.0.1 /Admin/Type/add
INFO: [ app_init ] --START--
INFO: Run Behavior\BuildLiteBehavior [ RunTime:0.000000s ]
INFO: [ app_init ] --END-- [ RunTime:0.000000s ]
INFO: [ app_begin ] --START--
INFO: Run Behavior\ReadHtmlCacheBehavior [ RunTime:0.001000s ]
INFO: [ app_begin ] --END-- [ RunTime:0.001000s ]
NOTIC: [2048] Declaration of Admin\Model\MenuModel::add() should be compatible with Think\Model::add($data = '', $options = Array, $replace = false) C:\www\thinkphp1\App\Admin\Model\MenuModel.class.php 第 5 行.
SQL: SHOW COLUMNS FROM `think_menu` [ RunTime:0.0110s ]
SQL: SELECT * FROM `think_menu` WHERE `status` = 1 AND `type` = 2 ORDER BY `status`,`order` desc  [ RunTime:0.0000s ]
SQL: SHOW COLUMNS FROM `think_navigation` [ RunTime:0.0100s ]
SQL: SELECT * FROM `think_navigation`  [ RunTime:0.0010s ]
INFO: [ view_parse ] --START--
INFO: [ template_filter ] --START--
INFO: Run Behavior\ContentReplaceBehavior [ RunTime:0.000000s ]
INFO: [ template_filter ] --END-- [ RunTime:0.000000s ]
INFO: Run Behavior\ParseTemplateBehavior [ RunTime:0.013001s ]
INFO: [ view_parse ] --END-- [ RunTime:0.013001s ]
INFO: [ view_filter ] --START--
INFO: Run Behavior\WriteHtmlCacheBehavior [ RunTime:0.000000s ]
INFO: [ view_filter ] --END-- [ RunTime:0.000000s ]
INFO: [ app_end ] --START--
INFO: Run Behavior\ShowPageTraceBehavior [ RunTime:0.001000s ]
INFO: [ app_end ] --END-- [ RunTime:0.001000s ]

[ 2017-04-12T14:59:02+08:00 ] 127.0.0.1 /Admin/article/index
INFO: [ app_init ] --START--
INFO: Run Behavior\BuildLiteBehavior [ RunTime:0.000000s ]
INFO: [ app_init ] --END-- [ RunTime:0.000000s ]
INFO: [ app_begin ] --START--
INFO: Run Behavior\ReadHtmlCacheBehavior [ RunTime:0.001000s ]
INFO: [ app_begin ] --END-- [ RunTime:0.001000s ]
NOTIC: [2048] Declaration of Admin\Model\MenuModel::add() should be compatible with Think\Model::add($data = '', $options = Array, $replace = false) C:\www\thinkphp1\App\Admin\Model\MenuModel.class.php 第 5 行.
SQL: SHOW COLUMNS FROM `think_menu` [ RunTime:0.0110s ]
SQL: SELECT * FROM `think_menu` WHERE `status` = 1 AND `type` = 2 ORDER BY `status`,`order` desc  [ RunTime:0.0010s ]
SQL: SHOW COLUMNS FROM `think_recommend` [ RunTime:0.0120s ]
SQL: SELECT * FROM `think_recommend` ORDER BY `id`  [ RunTime:0.0000s ]
SQL: SHOW COLUMNS FROM `think_article` [ RunTime:0.0110s ]
NOTIC: [2] Invalid argument supplied for foreach() C:\www\thinkphp1\ThinkPHP\Library\Think\Db\Driver.class.php 第 504 行.
SQL: SELECT * FROM `think_article`  [ RunTime:0.0010s ]
SQL: SELECT * FROM `think_article` LIMIT 0,25   [ RunTime:0.0000s ]
SQL: SHOW COLUMNS FROM `think_type` [ RunTime:0.0110s ]
SQL: SELECT * FROM `think_type`  [ RunTime:0.0010s ]
INFO: [ view_parse ] --START--
INFO: [ template_filter ] --START--
INFO: Run Behavior\ContentReplaceBehavior [ RunTime:0.000000s ]
INFO: [ template_filter ] --END-- [ RunTime:0.000000s ]
INFO: Run Behavior\ParseTemplateBehavior [ RunTime:0.012001s ]
INFO: [ view_parse ] --END-- [ RunTime:0.012001s ]
INFO: [ view_filter ] --START--
INFO: Run Behavior\WriteHtmlCacheBehavior [ RunTime:0.001000s ]
INFO: [ view_filter ] --END-- [ RunTime:0.001000s ]
INFO: [ app_end ] --START--
INFO: Run Behavior\ShowPageTraceBehavior [ RunTime:0.001000s ]
INFO: [ app_end ] --END-- [ RunTime:0.001000s ]

[ 2017-04-12T14:59:03+08:00 ] 127.0.0.1 /Admin/Article/add
INFO: [ app_init ] --START--
INFO: Run Behavior\BuildLiteBehavior [ RunTime:0.000000s ]
INFO: [ app_init ] --END-- [ RunTime:0.000000s ]
INFO: [ app_begin ] --START--
INFO: Run Behavior\ReadHtmlCacheBehavior [ RunTime:0.000000s ]
INFO: [ app_begin ] --END-- [ RunTime:0.001000s ]
NOTIC: [2048] Declaration of Admin\Model\MenuModel::add() should be compatible with Think\Model::add($data = '', $options = Array, $replace = false) C:\www\thinkphp1\App\Admin\Model\MenuModel.class.php 第 5 行.
SQL: SHOW COLUMNS FROM `think_menu` [ RunTime:0.0100s ]
SQL: SELECT * FROM `think_menu` WHERE `status` = 1 AND `type` = 2 ORDER BY `status`,`order` desc  [ RunTime:0.0010s ]
SQL: SHOW COLUMNS FROM `think_type` [ RunTime:0.0110s ]
SQL: SELECT * FROM `think_type`  [ RunTime:0.0000s ]
INFO: [ view_parse ] --START--
INFO: [ template_filter ] --START--
INFO: Run Behavior\ContentReplaceBehavior [ RunTime:0.000000s ]
INFO: [ template_filter ] --END-- [ RunTime:0.001000s ]
INFO: Run Behavior\ParseTemplateBehavior [ RunTime:0.012000s ]
INFO: [ view_parse ] --END-- [ RunTime:0.013000s ]
INFO: [ view_filter ] --START--
INFO: Run Behavior\WriteHtmlCacheBehavior [ RunTime:0.000000s ]
INFO: [ view_filter ] --END-- [ RunTime:0.001000s ]
INFO: [ app_end ] --START--
INFO: Run Behavior\ShowPageTraceBehavior [ RunTime:0.001000s ]
INFO: [ app_end ] --END-- [ RunTime:0.001000s ]

[ 2017-04-12T15:00:05+08:00 ] 127.0.0.1 /Admin/Article/add
INFO: [ app_init ] --START--
INFO: Run Behavior\BuildLiteBehavior [ RunTime:0.000000s ]
INFO: [ app_init ] --END-- [ RunTime:0.001000s ]
INFO: [ app_begin ] --START--
INFO: Run Behavior\ReadHtmlCacheBehavior [ RunTime:0.001000s ]
INFO: [ app_begin ] --END-- [ RunTime:0.001000s ]
NOTIC: [2048] Declaration of Admin\Model\MenuModel::add() should be compatible with Think\Model::add($data = '', $options = Array, $replace = false) C:\www\thinkphp1\App\Admin\Model\MenuModel.class.php 第 5 行.
SQL: SHOW COLUMNS FROM `think_menu` [ RunTime:0.0100s ]
SQL: SELECT * FROM `think_menu` WHERE `status` = 1 AND `type` = 2 ORDER BY `status`,`order` desc  [ RunTime:0.0010s ]
SQL: SHOW COLUMNS FROM `think_type` [ RunTime:0.0100s ]
SQL: SELECT * FROM `think_type`  [ RunTime:0.0000s ]
INFO: [ view_parse ] --START--
INFO: [ template_filter ] --START--
INFO: Run Behavior\ContentReplaceBehavior [ RunTime:0.000000s ]
INFO: [ template_filter ] --END-- [ RunTime:0.000000s ]
INFO: Run Behavior\ParseTemplateBehavior [ RunTime:0.014001s ]
INFO: [ view_parse ] --END-- [ RunTime:0.014001s ]
INFO: [ view_filter ] --START--
INFO: Run Behavior\WriteHtmlCacheBehavior [ RunTime:0.000000s ]
INFO: [ view_filter ] --END-- [ RunTime:0.000000s ]
INFO: [ app_end ] --START--
INFO: Run Behavior\ShowPageTraceBehavior [ RunTime:0.000000s ]
INFO: [ app_end ] --END-- [ RunTime:0.000000s ]

[ 2017-04-12T15:03:10+08:00 ] 127.0.0.1 /Admin/Article/add
INFO: [ app_init ] --START--
INFO: Run Behavior\BuildLiteBehavior [ RunTime:0.000000s ]
INFO: [ app_init ] --END-- [ RunTime:0.001000s ]
INFO: [ app_begin ] --START--
INFO: Run Behavior\ReadHtmlCacheBehavior [ RunTime:0.001000s ]
INFO: [ app_begin ] --END-- [ RunTime:0.001000s ]
NOTIC: [2048] Declaration of Admin\Model\MenuModel::add() should be compatible with Think\Model::add($data = '', $options = Array, $replace = false) C:\www\thinkphp1\App\Admin\Model\MenuModel.class.php 第 5 行.
SQL: SHOW COLUMNS FROM `think_menu` [ RunTime:0.0100s ]
SQL: SELECT * FROM `think_menu` WHERE `status` = 1 AND `type` = 2 ORDER BY `status`,`order` desc  [ RunTime:0.0000s ]
SQL: SHOW COLUMNS FROM `think_type` [ RunTime:0.0100s ]
SQL: SELECT * FROM `think_type`  [ RunTime:0.0010s ]
INFO: [ view_parse ] --START--
INFO: [ template_filter ] --START--
INFO: Run Behavior\ContentReplaceBehavior [ RunTime:0.000000s ]
INFO: [ template_filter ] --END-- [ RunTime:0.000000s ]
INFO: Run Behavior\ParseTemplateBehavior [ RunTime:0.014000s ]
INFO: [ view_parse ] --END-- [ RunTime:0.014000s ]
INFO: [ view_filter ] --START--
INFO: Run Behavior\WriteHtmlCacheBehavior [ RunTime:0.000000s ]
INFO: [ view_filter ] --END-- [ RunTime:0.000000s ]
INFO: [ app_end ] --START--
INFO: Run Behavior\ShowPageTraceBehavior [ RunTime:0.001000s ]
INFO: [ app_end ] --END-- [ RunTime:0.001000s ]

[ 2017-04-12T15:04:00+08:00 ] 127.0.0.1 /Admin/Article/add
INFO: [ app_init ] --START--
INFO: Run Behavior\BuildLiteBehavior [ RunTime:0.000000s ]
INFO: [ app_init ] --END-- [ RunTime:0.000000s ]
INFO: [ app_begin ] --START--
INFO: Run Behavior\ReadHtmlCacheBehavior [ RunTime:0.000000s ]
INFO: [ app_begin ] --END-- [ RunTime:0.000000s ]
NOTIC: [2048] Declaration of Admin\Model\MenuModel::add() should be compatible with Think\Model::add($data = '', $options = Array, $replace = false) C:\www\thinkphp1\App\Admin\Model\MenuModel.class.php 第 5 行.
SQL: SHOW COLUMNS FROM `think_menu` [ RunTime:0.0080s ]
SQL: SELECT * FROM `think_menu` WHERE `status` = 1 AND `type` = 2 ORDER BY `status`,`order` desc  [ RunTime:0.0010s ]
SQL: SHOW COLUMNS FROM `think_type` [ RunTime:0.0070s ]
SQL: SELECT * FROM `think_type`  [ RunTime:0.0010s ]
INFO: [ view_parse ] --START--
INFO: [ template_filter ] --START--
INFO: Run Behavior\ContentReplaceBehavior [ RunTime:0.000000s ]
INFO: [ template_filter ] --END-- [ RunTime:0.000000s ]
INFO: Run Behavior\ParseTemplateBehavior [ RunTime:0.013001s ]
INFO: [ view_parse ] --END-- [ RunTime:0.013001s ]
INFO: [ view_filter ] --START--
INFO: Run Behavior\WriteHtmlCacheBehavior [ RunTime:0.001000s ]
INFO: [ view_filter ] --END-- [ RunTime:0.001000s ]
INFO: [ app_end ] --START--
INFO: Run Behavior\ShowPageTraceBehavior [ RunTime:0.001000s ]
INFO: [ app_end ] --END-- [ RunTime:0.001000s ]

[ 2017-04-12T15:05:07+08:00 ] 127.0.0.1 /Admin/Article/add
INFO: [ app_init ] --START--
INFO: Run Behavior\BuildLiteBehavior [ RunTime:0.000000s ]
INFO: [ app_init ] --END-- [ RunTime:0.001000s ]
INFO: [ app_begin ] --START--
INFO: Run Behavior\ReadHtmlCacheBehavior [ RunTime:0.001000s ]
INFO: [ app_begin ] --END-- [ RunTime:0.001000s ]
NOTIC: [2048] Declaration of Admin\Model\MenuModel::add() should be compatible with Think\Model::add($data = '', $options = Array, $replace = false) C:\www\thinkphp1\App\Admin\Model\MenuModel.class.php 第 5 行.
SQL: SHOW COLUMNS FROM `think_menu` [ RunTime:0.0090s ]
SQL: SELECT * FROM `think_menu` WHERE `status` = 1 AND `type` = 2 ORDER BY `status`,`order` desc  [ RunTime:0.0000s ]
SQL: SHOW COLUMNS FROM `think_type` [ RunTime:0.0090s ]
SQL: SELECT * FROM `think_type`  [ RunTime:0.0000s ]
INFO: [ view_parse ] --START--
INFO: [ template_filter ] --START--
INFO: Run Behavior\ContentReplaceBehavior [ RunTime:0.000000s ]
INFO: [ template_filter ] --END-- [ RunTime:0.000000s ]
INFO: Run Behavior\ParseTemplateBehavior [ RunTime:0.015000s ]
INFO: [ view_parse ] --END-- [ RunTime:0.015000s ]
INFO: [ view_filter ] --START--
INFO: Run Behavior\WriteHtmlCacheBehavior [ RunTime:0.000000s ]
INFO: [ view_filter ] --END-- [ RunTime:0.000000s ]
INFO: [ app_end ] --START--
INFO: Run Behavior\ShowPageTraceBehavior [ RunTime:0.001000s ]
INFO: [ app_end ] --END-- [ RunTime:0.001000s ]

[ 2017-04-12T15:05:18+08:00 ] 127.0.0.1 /Admin/Article/add
INFO: [ app_init ] --START--
INFO: Run Behavior\BuildLiteBehavior [ RunTime:0.000000s ]
INFO: [ app_init ] --END-- [ RunTime:0.000000s ]
INFO: [ app_begin ] --START--
INFO: Run Behavior\ReadHtmlCacheBehavior [ RunTime:0.000000s ]
INFO: [ app_begin ] --END-- [ RunTime:0.000000s ]
NOTIC: [2048] Declaration of Admin\Model\MenuModel::add() should be compatible with Think\Model::add($data = '', $options = Array, $replace = false) C:\www\thinkphp1\App\Admin\Model\MenuModel.class.php 第 5 行.
SQL: SHOW COLUMNS FROM `think_menu` [ RunTime:0.0100s ]
SQL: SELECT * FROM `think_menu` WHERE `status` = 1 AND `type` = 2 ORDER BY `status`,`order` desc  [ RunTime:0.0010s ]
SQL: SHOW COLUMNS FROM `think_type` [ RunTime:0.0100s ]
SQL: SELECT * FROM `think_type`  [ RunTime:0.0000s ]
INFO: [ view_parse ] --START--
INFO: [ template_filter ] --START--
INFO: Run Behavior\ContentReplaceBehavior [ RunTime:0.000000s ]
INFO: [ template_filter ] --END-- [ RunTime:0.001000s ]
INFO: Run Behavior\ParseTemplateBehavior [ RunTime:0.013001s ]
INFO: [ view_parse ] --END-- [ RunTime:0.013001s ]
INFO: [ view_filter ] --START--
INFO: Run Behavior\WriteHtmlCacheBehavior [ RunTime:0.000000s ]
INFO: [ view_filter ] --END-- [ RunTime:0.001000s ]
INFO: [ app_end ] --START--
INFO: Run Behavior\ShowPageTraceBehavior [ RunTime:0.001000s ]
INFO: [ app_end ] --END-- [ RunTime:0.001000s ]

[ 2017-04-12T15:05:31+08:00 ] 127.0.0.1 /Admin/Article/add
INFO: [ app_init ] --START--
INFO: Run Behavior\BuildLiteBehavior [ RunTime:0.000000s ]
INFO: [ app_init ] --END-- [ RunTime:0.000000s ]
INFO: [ app_begin ] --START--
INFO: Run Behavior\ReadHtmlCacheBehavior [ RunTime:0.001000s ]
INFO: [ app_begin ] --END-- [ RunTime:0.001000s ]
NOTIC: [2048] Declaration of Admin\Model\MenuModel::add() should be compatible with Think\Model::add($data = '', $options = Array, $replace = false) C:\www\thinkphp1\App\Admin\Model\MenuModel.class.php 第 5 行.
SQL: SHOW COLUMNS FROM `think_menu` [ RunTime:0.0100s ]
SQL: SELECT * FROM `think_menu` WHERE `status` = 1 AND `type` = 2 ORDER BY `status`,`order` desc  [ RunTime:0.0010s ]
SQL: SHOW COLUMNS FROM `think_type` [ RunTime:0.0100s ]
SQL: SELECT * FROM `think_type`  [ RunTime:0.0010s ]
INFO: [ view_parse ] --START--
INFO: [ template_filter ] --START--
INFO: Run Behavior\ContentReplaceBehavior [ RunTime:0.000000s ]
INFO: [ template_filter ] --END-- [ RunTime:0.000000s ]
INFO: Run Behavior\ParseTemplateBehavior [ RunTime:0.012001s ]
INFO: [ view_parse ] --END-- [ RunTime:0.012001s ]
INFO: [ view_filter ] --START--
INFO: Run Behavior\WriteHtmlCacheBehavior [ RunTime:0.001000s ]
INFO: [ view_filter ] --END-- [ RunTime:0.001000s ]
INFO: [ app_end ] --START--
INFO: Run Behavior\ShowPageTraceBehavior [ RunTime:0.001000s ]
INFO: [ app_end ] --END-- [ RunTime:0.001000s ]

[ 2017-04-12T15:07:23+08:00 ] 127.0.0.1 /Admin/Article/add
INFO: [ app_init ] --START--
INFO: Run Behavior\BuildLiteBehavior [ RunTime:0.000000s ]
INFO: [ app_init ] --END-- [ RunTime:0.001000s ]
INFO: [ app_begin ] --START--
INFO: Run Behavior\ReadHtmlCacheBehavior [ RunTime:0.001000s ]
INFO: [ app_begin ] --END-- [ RunTime:0.001000s ]
NOTIC: [2048] Declaration of Admin\Model\MenuModel::add() should be compatible with Think\Model::add($data = '', $options = Array, $replace = false) C:\www\thinkphp1\App\Admin\Model\MenuModel.class.php 第 5 行.
SQL: SHOW COLUMNS FROM `think_menu` [ RunTime:0.0030s ]
SQL: SELECT * FROM `think_menu` WHERE `status` = 1 AND `type` = 2 ORDER BY `status`,`order` desc  [ RunTime:0.0000s ]
SQL: SHOW COLUMNS FROM `think_type` [ RunTime:0.0030s ]
SQL: SELECT * FROM `think_type`  [ RunTime:0.0000s ]
INFO: [ view_parse ] --START--
INFO: [ template_filter ] --START--
INFO: Run Behavior\ContentReplaceBehavior [ RunTime:0.000000s ]
INFO: [ template_filter ] --END-- [ RunTime:0.000000s ]
INFO: Run Behavior\ParseTemplateBehavior [ RunTime:0.011000s ]
INFO: [ view_parse ] --END-- [ RunTime:0.011000s ]
INFO: [ view_filter ] --START--
INFO: Run Behavior\WriteHtmlCacheBehavior [ RunTime:0.001000s ]
INFO: [ view_filter ] --END-- [ RunTime:0.001000s ]
INFO: [ app_end ] --START--
INFO: Run Behavior\ShowPageTraceBehavior [ RunTime:0.001000s ]
INFO: [ app_end ] --END-- [ RunTime:0.001000s ]

[ 2017-04-12T15:07:51+08:00 ] 127.0.0.1 /Admin/Article/add
INFO: [ app_init ] --START--
INFO: Run Behavior\BuildLiteBehavior [ RunTime:0.000000s ]
INFO: [ app_init ] --END-- [ RunTime:0.000000s ]
INFO: [ app_begin ] --START--
INFO: Run Behavior\ReadHtmlCacheBehavior [ RunTime:0.000000s ]
INFO: [ app_begin ] --END-- [ RunTime:0.000000s ]
NOTIC: [2048] Declaration of Admin\Model\MenuModel::add() should be compatible with Think\Model::add($data = '', $options = Array, $replace = false) C:\www\thinkphp1\App\Admin\Model\MenuModel.class.php 第 5 行.
SQL: SHOW COLUMNS FROM `think_menu` [ RunTime:0.0030s ]
SQL: SELECT * FROM `think_menu` WHERE `status` = 1 AND `type` = 2 ORDER BY `status`,`order` desc  [ RunTime:0.0000s ]
SQL: SHOW COLUMNS FROM `think_type` [ RunTime:0.0020s ]
SQL: SELECT * FROM `think_type`  [ RunTime:0.0010s ]
INFO: [ view_parse ] --START--
INFO: [ template_filter ] --START--
INFO: Run Behavior\ContentReplaceBehavior [ RunTime:0.000000s ]
INFO: [ template_filter ] --END-- [ RunTime:0.000000s ]
INFO: Run Behavior\ParseTemplateBehavior [ RunTime:0.010000s ]
INFO: [ view_parse ] --END-- [ RunTime:0.010000s ]
INFO: [ view_filter ] --START--
INFO: Run Behavior\WriteHtmlCacheBehavior [ RunTime:0.001000s ]
INFO: [ view_filter ] --END-- [ RunTime:0.001000s ]
INFO: [ app_end ] --START--
INFO: Run Behavior\ShowPageTraceBehavior [ RunTime:0.001000s ]
INFO: [ app_end ] --END-- [ RunTime:0.001000s ]

[ 2017-04-12T15:08:02+08:00 ] 127.0.0.1 /Admin/Article/add
INFO: [ app_init ] --START--
INFO: Run Behavior\BuildLiteBehavior [ RunTime:0.000000s ]
INFO: [ app_init ] --END-- [ RunTime:0.001000s ]
INFO: [ app_begin ] --START--
INFO: Run Behavior\ReadHtmlCacheBehavior [ RunTime:0.001000s ]
INFO: [ app_begin ] --END-- [ RunTime:0.001000s ]
NOTIC: [2048] Declaration of Admin\Model\MenuModel::add() should be compatible with Think\Model::add($data = '', $options = Array, $replace = false) C:\www\thinkphp1\App\Admin\Model\MenuModel.class.php 第 5 行.
SQL: SHOW COLUMNS FROM `think_menu` [ RunTime:0.0030s ]
SQL: SELECT * FROM `think_menu` WHERE `status` = 1 AND `type` = 2 ORDER BY `status`,`order` desc  [ RunTime:0.0000s ]
SQL: SHOW COLUMNS FROM `think_type` [ RunTime:0.0030s ]
SQL: SELECT * FROM `think_type`  [ RunTime:0.0000s ]
INFO: [ view_parse ] --START--
INFO: [ template_filter ] --START--
INFO: Run Behavior\ContentReplaceBehavior [ RunTime:0.000000s ]
INFO: [ template_filter ] --END-- [ RunTime:0.000000s ]
INFO: Run Behavior\ParseTemplateBehavior [ RunTime:0.012001s ]
INFO: [ view_parse ] --END-- [ RunTime:0.012001s ]
INFO: [ view_filter ] --START--
INFO: Run Behavior\WriteHtmlCacheBehavior [ RunTime:0.000000s ]
INFO: [ view_filter ] --END-- [ RunTime:0.000000s ]
INFO: [ app_end ] --START--
INFO: Run Behavior\ShowPageTraceBehavior [ RunTime:0.000000s ]
INFO: [ app_end ] --END-- [ RunTime:0.001000s ]

[ 2017-04-12T15:08:24+08:00 ] 127.0.0.1 /Admin/Article/add
INFO: [ app_init ] --START--
INFO: Run Behavior\BuildLiteBehavior [ RunTime:0.000000s ]
INFO: [ app_init ] --END-- [ RunTime:0.001000s ]
INFO: [ app_begin ] --START--
INFO: Run Behavior\ReadHtmlCacheBehavior [ RunTime:0.001000s ]
INFO: [ app_begin ] --END-- [ RunTime:0.001000s ]
NOTIC: [2048] Declaration of Admin\Model\MenuModel::add() should be compatible with Think\Model::add($data = '', $options = Array, $replace = false) C:\www\thinkphp1\App\Admin\Model\MenuModel.class.php 第 5 行.
SQL: SHOW COLUMNS FROM `think_menu` [ RunTime:0.0020s ]
SQL: SELECT * FROM `think_menu` WHERE `status` = 1 AND `type` = 2 ORDER BY `status`,`order` desc  [ RunTime:0.0010s ]
SQL: SHOW COLUMNS FROM `think_type` [ RunTime:0.0020s ]
SQL: SELECT * FROM `think_type`  [ RunTime:0.0000s ]
INFO: [ view_parse ] --START--
INFO: [ template_filter ] --START--
INFO: Run Behavior\ContentReplaceBehavior [ RunTime:0.000000s ]
INFO: [ template_filter ] --END-- [ RunTime:0.000000s ]
INFO: Run Behavior\ParseTemplateBehavior [ RunTime:0.011001s ]
INFO: [ view_parse ] --END-- [ RunTime:0.011001s ]
INFO: [ view_filter ] --START--
INFO: Run Behavior\WriteHtmlCacheBehavior [ RunTime:0.001000s ]
INFO: [ view_filter ] --END-- [ RunTime:0.001000s ]
INFO: [ app_end ] --START--
INFO: Run Behavior\ShowPageTraceBehavior [ RunTime:0.001000s ]
INFO: [ app_end ] --END-- [ RunTime:0.001000s ]

